mode: set
github.com/kraklabs/cie/internal/contract/validation.go:23.27,24.53 1 0
github.com/kraklabs/cie/internal/contract/validation.go:24.53,25.53 1 0
github.com/kraklabs/cie/internal/contract/validation.go:25.53,27.4 1 0
github.com/kraklabs/cie/internal/contract/validation.go:29.2,29.30 1 0
github.com/kraklabs/cie/internal/contract/validation.go:40.59,41.36 1 0
github.com/kraklabs/cie/internal/contract/validation.go:41.36,46.3 1 0
github.com/kraklabs/cie/internal/contract/validation.go:47.2,47.36 1 0
github.com/kraklabs/cie/internal/bootstrap/bootstrap.go:58.83,59.19 1 0
github.com/kraklabs/cie/internal/bootstrap/bootstrap.go:59.19,61.3 1 0
github.com/kraklabs/cie/internal/bootstrap/bootstrap.go:64.2,64.28 1 0
github.com/kraklabs/cie/internal/bootstrap/bootstrap.go:64.28,66.3 1 0
github.com/kraklabs/cie/internal/bootstrap/bootstrap.go:69.2,69.25 1 0
github.com/kraklabs/cie/internal/bootstrap/bootstrap.go:69.25,71.3 1 0
github.com/kraklabs/cie/internal/bootstrap/bootstrap.go:72.2,72.26 1 0
github.com/kraklabs/cie/internal/bootstrap/bootstrap.go:72.26,74.17 2 0
github.com/kraklabs/cie/internal/bootstrap/bootstrap.go:74.17,76.4 1 0
github.com/kraklabs/cie/internal/bootstrap/bootstrap.go:77.3,77.76 1 0
github.com/kraklabs/cie/internal/bootstrap/bootstrap.go:80.2,92.16 3 0
github.com/kraklabs/cie/internal/bootstrap/bootstrap.go:92.16,94.3 1 0
github.com/kraklabs/cie/internal/bootstrap/bootstrap.go:95.2,98.47 2 0
github.com/kraklabs/cie/internal/bootstrap/bootstrap.go:98.47,100.3 1 0
github.com/kraklabs/cie/internal/bootstrap/bootstrap.go:103.2,103.50 1 0
github.com/kraklabs/cie/internal/bootstrap/bootstrap.go:103.50,106.3 1 0
github.com/kraklabs/cie/internal/bootstrap/bootstrap.go:108.2,117.8 2 0
github.com/kraklabs/cie/internal/bootstrap/bootstrap.go:122.95,123.19 1 0
github.com/kraklabs/cie/internal/bootstrap/bootstrap.go:123.19,125.3 1 0
github.com/kraklabs/cie/internal/bootstrap/bootstrap.go:128.2,128.28 1 0
github.com/kraklabs/cie/internal/bootstrap/bootstrap.go:128.28,130.3 1 0
github.com/kraklabs/cie/internal/bootstrap/bootstrap.go:133.2,133.25 1 0
github.com/kraklabs/cie/internal/bootstrap/bootstrap.go:133.25,135.3 1 0
github.com/kraklabs/cie/internal/bootstrap/bootstrap.go:136.2,136.26 1 0
github.com/kraklabs/cie/internal/bootstrap/bootstrap.go:136.26,138.17 2 0
github.com/kraklabs/cie/internal/bootstrap/bootstrap.go:138.17,140.4 1 0
github.com/kraklabs/cie/internal/bootstrap/bootstrap.go:141.3,141.76 1 0
github.com/kraklabs/cie/internal/bootstrap/bootstrap.go:145.2,145.59 1 0
github.com/kraklabs/cie/internal/bootstrap/bootstrap.go:145.59,147.3 1 0
github.com/kraklabs/cie/internal/bootstrap/bootstrap.go:149.2,160.16 3 0
github.com/kraklabs/cie/internal/bootstrap/bootstrap.go:160.16,162.3 1 0
github.com/kraklabs/cie/internal/bootstrap/bootstrap.go:164.2,164.21 1 0
github.com/kraklabs/cie/internal/bootstrap/bootstrap.go:168.39,170.16 2 0
github.com/kraklabs/cie/internal/bootstrap/bootstrap.go:170.16,172.3 1 0
github.com/kraklabs/cie/internal/bootstrap/bootstrap.go:174.2,176.16 3 0
github.com/kraklabs/cie/internal/bootstrap/bootstrap.go:176.16,177.25 1 0
github.com/kraklabs/cie/internal/bootstrap/bootstrap.go:177.25,179.4 1 0
github.com/kraklabs/cie/internal/bootstrap/bootstrap.go:180.3,180.51 1 0
github.com/kraklabs/cie/internal/bootstrap/bootstrap.go:183.2,184.32 2 0
github.com/kraklabs/cie/internal/bootstrap/bootstrap.go:184.32,185.20 1 0
github.com/kraklabs/cie/internal/bootstrap/bootstrap.go:185.20,187.4 1 0
github.com/kraklabs/cie/internal/bootstrap/bootstrap.go:190.2,190.22 1 0
github.com/kraklabs/cie/pkg/cozodb/cozodb.go:46.71,55.40 6 0
github.com/kraklabs/cie/pkg/cozodb/cozodb.go:55.40,57.17 2 0
github.com/kraklabs/cie/pkg/cozodb/cozodb.go:57.17,59.4 1 0
github.com/kraklabs/cie/pkg/cozodb/cozodb.go:60.3,60.33 1 0
github.com/kraklabs/cie/pkg/cozodb/cozodb.go:62.2,69.19 6 0
github.com/kraklabs/cie/pkg/cozodb/cozodb.go:69.19,73.3 3 0
github.com/kraklabs/cie/pkg/cozodb/cozodb.go:75.2,75.30 1 0
github.com/kraklabs/cie/pkg/cozodb/cozodb.go:84.80,86.2 1 0
github.com/kraklabs/cie/pkg/cozodb/cozodb.go:95.88,97.2 1 0
github.com/kraklabs/cie/pkg/cozodb/cozodb.go:100.101,101.15 1 0
github.com/kraklabs/cie/pkg/cozodb/cozodb.go:101.15,103.3 1 0
github.com/kraklabs/cie/pkg/cozodb/cozodb.go:105.2,110.38 4 0
github.com/kraklabs/cie/pkg/cozodb/cozodb.go:110.38,112.17 2 0
github.com/kraklabs/cie/pkg/cozodb/cozodb.go:112.17,114.4 1 0
github.com/kraklabs/cie/pkg/cozodb/cozodb.go:115.3,115.34 1 0
github.com/kraklabs/cie/pkg/cozodb/cozodb.go:117.2,124.22 5 0
github.com/kraklabs/cie/pkg/cozodb/cozodb.go:124.22,126.3 1 0
github.com/kraklabs/cie/pkg/cozodb/cozodb.go:128.2,132.32 3 0
github.com/kraklabs/cie/pkg/cozodb/cozodb.go:136.32,137.15 1 0
github.com/kraklabs/cie/pkg/cozodb/cozodb.go:137.15,139.3 1 0
github.com/kraklabs/cie/pkg/cozodb/cozodb.go:140.2,141.37 2 0
github.com/kraklabs/cie/pkg/cozodb/cozodb.go:145.53,154.65 2 0
github.com/kraklabs/cie/pkg/cozodb/cozodb.go:154.65,156.3 1 0
github.com/kraklabs/cie/pkg/cozodb/cozodb.go:158.2,158.16 1 0
github.com/kraklabs/cie/pkg/cozodb/cozodb.go:158.16,160.19 2 0
github.com/kraklabs/cie/pkg/cozodb/cozodb.go:160.19,162.4 1 0
github.com/kraklabs/cie/pkg/cozodb/cozodb.go:163.3,163.19 1 0
github.com/kraklabs/cie/pkg/cozodb/cozodb.go:163.19,165.4 1 0
github.com/kraklabs/cie/pkg/cozodb/cozodb.go:166.3,166.41 1 0
github.com/kraklabs/cie/pkg/cozodb/cozodb.go:169.2,172.8 1 0
github.com/kraklabs/cie/pkg/cozodb/cozodb.go:176.48,177.15 1 0
github.com/kraklabs/cie/pkg/cozodb/cozodb.go:177.15,179.3 1 0
github.com/kraklabs/cie/pkg/cozodb/cozodb.go:181.2,185.22 4 0
github.com/kraklabs/cie/pkg/cozodb/cozodb.go:185.22,187.3 1 0
github.com/kraklabs/cie/pkg/cozodb/cozodb.go:189.2,196.68 4 0
github.com/kraklabs/cie/pkg/cozodb/cozodb.go:196.68,198.3 1 0
github.com/kraklabs/cie/pkg/cozodb/cozodb.go:199.2,199.16 1 0
github.com/kraklabs/cie/pkg/cozodb/cozodb.go:199.16,201.3 1 0
github.com/kraklabs/cie/pkg/cozodb/cozodb.go:202.2,202.12 1 0
github.com/kraklabs/cie/pkg/cozodb/cozodb.go:206.48,207.15 1 0
github.com/kraklabs/cie/pkg/cozodb/cozodb.go:207.15,209.3 1 0
github.com/kraklabs/cie/pkg/cozodb/cozodb.go:211.2,215.22 4 0
github.com/kraklabs/cie/pkg/cozodb/cozodb.go:215.22,217.3 1 0
github.com/kraklabs/cie/pkg/cozodb/cozodb.go:219.2,226.68 4 0
github.com/kraklabs/cie/pkg/cozodb/cozodb.go:226.68,228.3 1 0
github.com/kraklabs/cie/pkg/cozodb/cozodb.go:229.2,229.16 1 0
github.com/kraklabs/cie/pkg/cozodb/cozodb.go:229.16,231.3 1 0
github.com/kraklabs/cie/pkg/cozodb/cozodb.go:232.2,232.12 1 0
github.com/kraklabs/cie/pkg/cozodb/cozodb.go:236.61,237.15 1 0
github.com/kraklabs/cie/pkg/cozodb/cozodb.go:237.15,239.3 1 0
github.com/kraklabs/cie/pkg/cozodb/cozodb.go:241.2,245.22 4 0
github.com/kraklabs/cie/pkg/cozodb/cozodb.go:245.22,247.3 1 0
github.com/kraklabs/cie/pkg/cozodb/cozodb.go:249.2,256.68 4 0
github.com/kraklabs/cie/pkg/cozodb/cozodb.go:256.68,258.3 1 0
github.com/kraklabs/cie/pkg/cozodb/cozodb.go:259.2,259.16 1 0
github.com/kraklabs/cie/pkg/cozodb/cozodb.go:259.16,261.3 1 0
github.com/kraklabs/cie/pkg/cozodb/cozodb.go:262.2,262.12 1 0
github.com/kraklabs/cie/pkg/cozodb/cozodb.go:266.71,267.15 1 0
github.com/kraklabs/cie/pkg/cozodb/cozodb.go:267.15,269.3 1 0
github.com/kraklabs/cie/pkg/cozodb/cozodb.go:271.2,275.22 4 0
github.com/kraklabs/cie/pkg/cozodb/cozodb.go:275.22,277.3 1 0
github.com/kraklabs/cie/pkg/cozodb/cozodb.go:279.2,282.24 3 0
github.com/kraklabs/cie/pkg/storage/backend.go:37.52,42.2 1 0
github.com/kraklabs/cie/pkg/storage/backend.go:45.52,50.2 1 0
github.com/kraklabs/cie/pkg/storage/embedded.go:36.74,38.25 1 0
github.com/kraklabs/cie/pkg/storage/embedded.go:38.25,40.3 1 0
github.com/kraklabs/cie/pkg/storage/embedded.go:41.2,41.26 1 0
github.com/kraklabs/cie/pkg/storage/embedded.go:41.26,43.17 2 0
github.com/kraklabs/cie/pkg/storage/embedded.go:43.17,45.4 1 0
github.com/kraklabs/cie/pkg/storage/embedded.go:46.3,47.29 2 0
github.com/kraklabs/cie/pkg/storage/embedded.go:47.29,49.4 1 0
github.com/kraklabs/cie/pkg/storage/embedded.go:53.2,53.58 1 0
github.com/kraklabs/cie/pkg/storage/embedded.go:53.58,55.3 1 0
github.com/kraklabs/cie/pkg/storage/embedded.go:58.2,59.16 2 0
github.com/kraklabs/cie/pkg/storage/embedded.go:59.16,61.3 1 0
github.com/kraklabs/cie/pkg/storage/embedded.go:63.2,65.8 1 0
github.com/kraklabs/cie/pkg/storage/embedded.go:69.92,73.14 3 0
github.com/kraklabs/cie/pkg/storage/embedded.go:73.14,75.3 1 0
github.com/kraklabs/cie/pkg/storage/embedded.go:78.2,78.9 1 0
github.com/kraklabs/cie/pkg/storage/embedded.go:79.20,80.24 1 0
github.com/kraklabs/cie/pkg/storage/embedded.go:81.10,81.10 0 0
github.com/kraklabs/cie/pkg/storage/embedded.go:84.2,85.16 2 0
github.com/kraklabs/cie/pkg/storage/embedded.go:85.16,87.3 1 0
github.com/kraklabs/cie/pkg/storage/embedded.go:89.2,89.35 1 0
github.com/kraklabs/cie/pkg/storage/embedded.go:93.78,97.14 3 0
github.com/kraklabs/cie/pkg/storage/embedded.go:97.14,99.3 1 0
github.com/kraklabs/cie/pkg/storage/embedded.go:102.2,102.9 1 0
github.com/kraklabs/cie/pkg/storage/embedded.go:103.20,104.19 1 0
github.com/kraklabs/cie/pkg/storage/embedded.go:105.10,105.10 0 0
github.com/kraklabs/cie/pkg/storage/embedded.go:108.2,109.16 2 0
github.com/kraklabs/cie/pkg/storage/embedded.go:109.16,111.3 1 0
github.com/kraklabs/cie/pkg/storage/embedded.go:113.2,113.12 1 0
github.com/kraklabs/cie/pkg/storage/embedded.go:117.41,121.14 3 0
github.com/kraklabs/cie/pkg/storage/embedded.go:121.14,123.3 1 0
github.com/kraklabs/cie/pkg/storage/embedded.go:125.2,127.12 3 0
github.com/kraklabs/cie/pkg/storage/embedded.go:132.45,134.2 1 0
github.com/kraklabs/cie/pkg/storage/embedded.go:138.48,246.31 5 0
github.com/kraklabs/cie/pkg/storage/embedded.go:246.31,248.17 2 0
github.com/kraklabs/cie/pkg/storage/embedded.go:248.17,251.12 1 0
github.com/kraklabs/cie/pkg/storage/embedded.go:256.2,258.12 2 0
github.com/kraklabs/cie/pkg/storage/embedded.go:263.51,272.30 4 0
github.com/kraklabs/cie/pkg/storage/embedded.go:272.30,274.17 2 0
github.com/kraklabs/cie/pkg/storage/embedded.go:274.17,276.12 1 0
github.com/kraklabs/cie/pkg/storage/embedded.go:280.2,280.12 1 0
github.com/kraklabs/cie/pkg/llm/helpers.go:13.42,15.109 1 0
github.com/kraklabs/cie/pkg/llm/helpers.go:15.109,17.3 1 0
github.com/kraklabs/cie/pkg/llm/helpers.go:20.2,20.39 1 0
github.com/kraklabs/cie/pkg/llm/helpers.go:20.39,22.3 1 0
github.com/kraklabs/cie/pkg/llm/helpers.go:25.2,25.42 1 0
github.com/kraklabs/cie/pkg/llm/helpers.go:25.42,27.3 1 0
github.com/kraklabs/cie/pkg/llm/helpers.go:30.2,30.50 1 0
github.com/kraklabs/cie/pkg/llm/helpers.go:35.55,37.24 2 0
github.com/kraklabs/cie/pkg/llm/helpers.go:37.24,39.3 1 0
github.com/kraklabs/cie/pkg/llm/helpers.go:40.2,40.56 1 0
github.com/kraklabs/cie/pkg/llm/helpers.go:44.72,46.16 2 0
github.com/kraklabs/cie/pkg/llm/helpers.go:46.16,48.3 1 0
github.com/kraklabs/cie/pkg/llm/helpers.go:49.2,50.16 2 0
github.com/kraklabs/cie/pkg/llm/helpers.go:50.16,52.3 1 0
github.com/kraklabs/cie/pkg/llm/helpers.go:53.2,53.23 1 0
github.com/kraklabs/cie/pkg/llm/helpers.go:57.73,59.16 2 0
github.com/kraklabs/cie/pkg/llm/helpers.go:59.16,61.3 1 0
github.com/kraklabs/cie/pkg/llm/helpers.go:63.2,64.29 2 0
github.com/kraklabs/cie/pkg/llm/helpers.go:64.29,65.15 1 0
github.com/kraklabs/cie/pkg/llm/helpers.go:65.15,67.4 1 0
github.com/kraklabs/cie/pkg/llm/helpers.go:67.9,69.4 1 0
github.com/kraklabs/cie/pkg/llm/helpers.go:72.2,73.16 2 0
github.com/kraklabs/cie/pkg/llm/helpers.go:73.16,75.3 1 0
github.com/kraklabs/cie/pkg/llm/helpers.go:76.2,76.34 1 0
github.com/kraklabs/cie/pkg/llm/helpers.go:89.37,94.23 3 1
github.com/kraklabs/cie/pkg/llm/helpers.go:94.23,96.3 1 1
github.com/kraklabs/cie/pkg/llm/helpers.go:98.2,98.22 1 1
github.com/kraklabs/cie/pkg/llm/helpers.go:98.22,100.3 1 1
github.com/kraklabs/cie/pkg/llm/helpers.go:102.2,102.19 1 1
github.com/kraklabs/cie/pkg/llm/helpers.go:102.19,104.3 1 1
github.com/kraklabs/cie/pkg/llm/helpers.go:106.2,106.29 1 1
github.com/kraklabs/cie/pkg/llm/helpers.go:106.29,108.36 2 1
github.com/kraklabs/cie/pkg/llm/helpers.go:108.36,110.4 1 1
github.com/kraklabs/cie/pkg/llm/helpers.go:111.3,111.23 1 1
github.com/kraklabs/cie/pkg/llm/helpers.go:114.2,114.20 1 1
github.com/kraklabs/cie/pkg/llm/helpers.go:179.87,185.2 5 1
github.com/kraklabs/cie/pkg/llm/provider.go:112.56,113.22 1 1
github.com/kraklabs/cie/pkg/llm/provider.go:113.22,115.3 1 1
github.com/kraklabs/cie/pkg/llm/provider.go:116.2,116.25 1 1
github.com/kraklabs/cie/pkg/llm/provider.go:116.25,118.3 1 1
github.com/kraklabs/cie/pkg/llm/provider.go:120.2,120.35 1 1
github.com/kraklabs/cie/pkg/llm/provider.go:121.29,122.32 1 1
github.com/kraklabs/cie/pkg/llm/provider.go:123.37,124.32 1 1
github.com/kraklabs/cie/pkg/llm/provider.go:125.29,126.35 1 1
github.com/kraklabs/cie/pkg/llm/provider.go:127.22,128.53 1 1
github.com/kraklabs/cie/pkg/llm/provider.go:129.10,130.113 1 1
github.com/kraklabs/cie/pkg/llm/provider.go:145.69,147.19 2 1
github.com/kraklabs/cie/pkg/llm/provider.go:147.19,149.3 1 1
github.com/kraklabs/cie/pkg/llm/provider.go:150.2,150.19 1 1
github.com/kraklabs/cie/pkg/llm/provider.go:150.19,152.3 1 1
github.com/kraklabs/cie/pkg/llm/provider.go:153.2,153.19 1 1
github.com/kraklabs/cie/pkg/llm/provider.go:153.19,155.3 1 1
github.com/kraklabs/cie/pkg/llm/provider.go:157.2,158.17 2 1
github.com/kraklabs/cie/pkg/llm/provider.go:158.17,160.3 1 1
github.com/kraklabs/cie/pkg/llm/provider.go:162.2,167.8 1 1
github.com/kraklabs/cie/pkg/llm/provider.go:170.40,170.59 1 1
github.com/kraklabs/cie/pkg/llm/provider.go:172.72,174.16 2 0
github.com/kraklabs/cie/pkg/llm/provider.go:174.16,176.3 1 0
github.com/kraklabs/cie/pkg/llm/provider.go:178.2,179.16 2 0
github.com/kraklabs/cie/pkg/llm/provider.go:179.16,181.3 1 0
github.com/kraklabs/cie/pkg/llm/provider.go:182.2,189.67 3 0
github.com/kraklabs/cie/pkg/llm/provider.go:189.67,191.3 1 0
github.com/kraklabs/cie/pkg/llm/provider.go:193.2,194.34 2 0
github.com/kraklabs/cie/pkg/llm/provider.go:194.34,196.3 1 0
github.com/kraklabs/cie/pkg/llm/provider.go:197.2,197.20 1 0
github.com/kraklabs/cie/pkg/llm/provider.go:200.104,202.17 2 1
github.com/kraklabs/cie/pkg/llm/provider.go:202.17,204.3 1 1
github.com/kraklabs/cie/pkg/llm/provider.go:205.2,205.17 1 1
github.com/kraklabs/cie/pkg/llm/provider.go:205.17,207.3 1 0
github.com/kraklabs/cie/pkg/llm/provider.go:209.2,214.23 2 1
github.com/kraklabs/cie/pkg/llm/provider.go:214.23,215.32 1 0
github.com/kraklabs/cie/pkg/llm/provider.go:215.32,217.4 1 0
github.com/kraklabs/cie/pkg/llm/provider.go:218.3,218.69 1 0
github.com/kraklabs/cie/pkg/llm/provider.go:220.2,220.25 1 1
github.com/kraklabs/cie/pkg/llm/provider.go:220.25,221.32 1 0
github.com/kraklabs/cie/pkg/llm/provider.go:221.32,223.4 1 0
github.com/kraklabs/cie/pkg/llm/provider.go:224.3,224.71 1 0
github.com/kraklabs/cie/pkg/llm/provider.go:227.2,229.16 3 1
github.com/kraklabs/cie/pkg/llm/provider.go:229.16,231.3 1 0
github.com/kraklabs/cie/pkg/llm/provider.go:232.2,236.16 4 1
github.com/kraklabs/cie/pkg/llm/provider.go:236.16,238.3 1 0
github.com/kraklabs/cie/pkg/llm/provider.go:239.2,241.38 2 1
github.com/kraklabs/cie/pkg/llm/provider.go:241.38,244.3 2 0
github.com/kraklabs/cie/pkg/llm/provider.go:246.2,254.67 2 1
github.com/kraklabs/cie/pkg/llm/provider.go:254.67,256.3 1 0
github.com/kraklabs/cie/pkg/llm/provider.go:258.2,266.8 1 1
github.com/kraklabs/cie/pkg/llm/provider.go:269.92,271.17 2 1
github.com/kraklabs/cie/pkg/llm/provider.go:271.17,273.3 1 1
github.com/kraklabs/cie/pkg/llm/provider.go:274.2,274.17 1 1
github.com/kraklabs/cie/pkg/llm/provider.go:274.17,276.3 1 0
github.com/kraklabs/cie/pkg/llm/provider.go:279.2,280.33 2 1
github.com/kraklabs/cie/pkg/llm/provider.go:280.33,285.3 1 1
github.com/kraklabs/cie/pkg/llm/provider.go:287.2,292.23 2 1
github.com/kraklabs/cie/pkg/llm/provider.go:292.23,293.32 1 0
github.com/kraklabs/cie/pkg/llm/provider.go:293.32,295.4 1 0
github.com/kraklabs/cie/pkg/llm/provider.go:296.3,296.69 1 0
github.com/kraklabs/cie/pkg/llm/provider.go:298.2,298.25 1 1
github.com/kraklabs/cie/pkg/llm/provider.go:298.25,299.32 1 0
github.com/kraklabs/cie/pkg/llm/provider.go:299.32,301.4 1 0
github.com/kraklabs/cie/pkg/llm/provider.go:302.3,302.71 1 0
github.com/kraklabs/cie/pkg/llm/provider.go:305.2,307.16 3 1
github.com/kraklabs/cie/pkg/llm/provider.go:307.16,309.3 1 0
github.com/kraklabs/cie/pkg/llm/provider.go:310.2,314.16 4 1
github.com/kraklabs/cie/pkg/llm/provider.go:314.16,316.3 1 0
github.com/kraklabs/cie/pkg/llm/provider.go:317.2,319.38 2 1
github.com/kraklabs/cie/pkg/llm/provider.go:319.38,322.3 2 0
github.com/kraklabs/cie/pkg/llm/provider.go:324.2,334.67 2 1
github.com/kraklabs/cie/pkg/llm/provider.go:334.67,336.3 1 0
github.com/kraklabs/cie/pkg/llm/provider.go:338.2,349.8 1 1
github.com/kraklabs/cie/pkg/llm/provider.go:364.69,366.19 2 1
github.com/kraklabs/cie/pkg/llm/provider.go:366.19,368.3 1 1
github.com/kraklabs/cie/pkg/llm/provider.go:369.2,369.19 1 1
github.com/kraklabs/cie/pkg/llm/provider.go:369.19,371.3 1 1
github.com/kraklabs/cie/pkg/llm/provider.go:373.2,374.18 2 1
github.com/kraklabs/cie/pkg/llm/provider.go:374.18,376.3 1 1
github.com/kraklabs/cie/pkg/llm/provider.go:378.2,379.17 2 1
github.com/kraklabs/cie/pkg/llm/provider.go:379.17,381.3 1 1
github.com/kraklabs/cie/pkg/llm/provider.go:382.2,382.17 1 1
github.com/kraklabs/cie/pkg/llm/provider.go:382.17,384.3 1 1
github.com/kraklabs/cie/pkg/llm/provider.go:386.2,392.8 1 1
github.com/kraklabs/cie/pkg/llm/provider.go:395.40,395.59 1 1
github.com/kraklabs/cie/pkg/llm/provider.go:397.72,399.16 2 0
github.com/kraklabs/cie/pkg/llm/provider.go:399.16,401.3 1 0
github.com/kraklabs/cie/pkg/llm/provider.go:402.2,402.20 1 0
github.com/kraklabs/cie/pkg/llm/provider.go:402.20,404.3 1 0
github.com/kraklabs/cie/pkg/llm/provider.go:406.2,407.16 2 0
github.com/kraklabs/cie/pkg/llm/provider.go:407.16,409.3 1 0
github.com/kraklabs/cie/pkg/llm/provider.go:410.2,417.67 3 0
github.com/kraklabs/cie/pkg/llm/provider.go:417.67,419.3 1 0
github.com/kraklabs/cie/pkg/llm/provider.go:421.2,422.32 2 0
github.com/kraklabs/cie/pkg/llm/provider.go:422.32,424.3 1 0
github.com/kraklabs/cie/pkg/llm/provider.go:425.2,425.20 1 0
github.com/kraklabs/cie/pkg/llm/provider.go:428.104,439.16 3 0
github.com/kraklabs/cie/pkg/llm/provider.go:439.16,441.3 1 0
github.com/kraklabs/cie/pkg/llm/provider.go:442.2,450.8 1 0
github.com/kraklabs/cie/pkg/llm/provider.go:453.92,455.17 2 1
github.com/kraklabs/cie/pkg/llm/provider.go:455.17,457.3 1 1
github.com/kraklabs/cie/pkg/llm/provider.go:459.2,460.33 2 1
github.com/kraklabs/cie/pkg/llm/provider.go:460.33,465.3 1 1
github.com/kraklabs/cie/pkg/llm/provider.go:467.2,471.23 2 1
github.com/kraklabs/cie/pkg/llm/provider.go:471.23,473.3 1 0
github.com/kraklabs/cie/pkg/llm/provider.go:474.2,474.25 1 1
github.com/kraklabs/cie/pkg/llm/provider.go:474.25,476.3 1 0
github.com/kraklabs/cie/pkg/llm/provider.go:477.2,477.18 1 1
github.com/kraklabs/cie/pkg/llm/provider.go:477.18,479.3 1 0
github.com/kraklabs/cie/pkg/llm/provider.go:480.2,480.23 1 1
github.com/kraklabs/cie/pkg/llm/provider.go:480.23,482.3 1 0
github.com/kraklabs/cie/pkg/llm/provider.go:484.2,486.16 3 1
github.com/kraklabs/cie/pkg/llm/provider.go:486.16,488.3 1 0
github.com/kraklabs/cie/pkg/llm/provider.go:489.2,490.20 2 1
github.com/kraklabs/cie/pkg/llm/provider.go:490.20,492.3 1 1
github.com/kraklabs/cie/pkg/llm/provider.go:494.2,496.16 3 1
github.com/kraklabs/cie/pkg/llm/provider.go:496.16,498.3 1 0
github.com/kraklabs/cie/pkg/llm/provider.go:499.2,501.38 2 1
github.com/kraklabs/cie/pkg/llm/provider.go:501.38,504.3 2 0
github.com/kraklabs/cie/pkg/llm/provider.go:506.2,521.67 2 1
github.com/kraklabs/cie/pkg/llm/provider.go:521.67,523.3 1 0
github.com/kraklabs/cie/pkg/llm/provider.go:525.2,525.30 1 1
github.com/kraklabs/cie/pkg/llm/provider.go:525.30,527.3 1 0
github.com/kraklabs/cie/pkg/llm/provider.go:529.2,540.8 1 1
github.com/kraklabs/cie/pkg/llm/provider.go:555.75,557.19 2 1
github.com/kraklabs/cie/pkg/llm/provider.go:557.19,559.3 1 1
github.com/kraklabs/cie/pkg/llm/provider.go:561.2,562.18 2 1
github.com/kraklabs/cie/pkg/llm/provider.go:562.18,564.3 1 1
github.com/kraklabs/cie/pkg/llm/provider.go:566.2,567.17 2 1
github.com/kraklabs/cie/pkg/llm/provider.go:567.17,569.3 1 1
github.com/kraklabs/cie/pkg/llm/provider.go:570.2,570.17 1 1
github.com/kraklabs/cie/pkg/llm/provider.go:570.17,572.3 1 1
github.com/kraklabs/cie/pkg/llm/provider.go:574.2,580.8 1 1
github.com/kraklabs/cie/pkg/llm/provider.go:583.43,583.65 1 1
github.com/kraklabs/cie/pkg/llm/provider.go:585.75,594.2 1 0
github.com/kraklabs/cie/pkg/llm/provider.go:596.107,606.16 3 0
github.com/kraklabs/cie/pkg/llm/provider.go:606.16,608.3 1 0
github.com/kraklabs/cie/pkg/llm/provider.go:609.2,617.8 1 0
github.com/kraklabs/cie/pkg/llm/provider.go:620.95,622.17 2 0
github.com/kraklabs/cie/pkg/llm/provider.go:622.17,624.3 1 0
github.com/kraklabs/cie/pkg/llm/provider.go:628.2,630.33 3 0
github.com/kraklabs/cie/pkg/llm/provider.go:630.33,631.25 1 0
github.com/kraklabs/cie/pkg/llm/provider.go:631.25,633.12 2 0
github.com/kraklabs/cie/pkg/llm/provider.go:635.3,638.5 1 0
github.com/kraklabs/cie/pkg/llm/provider.go:641.2,642.20 2 0
github.com/kraklabs/cie/pkg/llm/provider.go:642.20,644.3 1 0
github.com/kraklabs/cie/pkg/llm/provider.go:646.2,651.24 2 0
github.com/kraklabs/cie/pkg/llm/provider.go:651.24,653.3 1 0
github.com/kraklabs/cie/pkg/llm/provider.go:654.2,654.25 1 0
github.com/kraklabs/cie/pkg/llm/provider.go:654.25,656.3 1 0
github.com/kraklabs/cie/pkg/llm/provider.go:657.2,657.18 1 0
github.com/kraklabs/cie/pkg/llm/provider.go:657.18,659.3 1 0
github.com/kraklabs/cie/pkg/llm/provider.go:660.2,660.23 1 0
github.com/kraklabs/cie/pkg/llm/provider.go:660.23,662.3 1 0
github.com/kraklabs/cie/pkg/llm/provider.go:664.2,666.16 3 0
github.com/kraklabs/cie/pkg/llm/provider.go:666.16,668.3 1 0
github.com/kraklabs/cie/pkg/llm/provider.go:669.2,675.16 6 0
github.com/kraklabs/cie/pkg/llm/provider.go:675.16,677.3 1 0
github.com/kraklabs/cie/pkg/llm/provider.go:678.2,680.38 2 0
github.com/kraklabs/cie/pkg/llm/provider.go:680.38,683.3 2 0
github.com/kraklabs/cie/pkg/llm/provider.go:685.2,697.67 2 0
github.com/kraklabs/cie/pkg/llm/provider.go:697.67,699.3 1 0
github.com/kraklabs/cie/pkg/llm/provider.go:701.2,702.35 2 0
github.com/kraklabs/cie/pkg/llm/provider.go:702.35,703.23 1 0
github.com/kraklabs/cie/pkg/llm/provider.go:703.23,705.4 1 0
github.com/kraklabs/cie/pkg/llm/provider.go:708.2,719.8 1 0
github.com/kraklabs/cie/pkg/llm/provider.go:733.38,733.55 1 1
github.com/kraklabs/cie/pkg/llm/provider.go:735.70,737.2 1 1
github.com/kraklabs/cie/pkg/llm/provider.go:739.102,740.27 1 1
github.com/kraklabs/cie/pkg/llm/provider.go:740.27,742.3 1 1
github.com/kraklabs/cie/pkg/llm/provider.go:743.2,751.8 1 1
github.com/kraklabs/cie/pkg/llm/provider.go:754.90,755.23 1 1
github.com/kraklabs/cie/pkg/llm/provider.go:755.23,757.3 1 0
github.com/kraklabs/cie/pkg/llm/provider.go:758.2,759.27 2 1
github.com/kraklabs/cie/pkg/llm/provider.go:759.27,761.3 1 1
github.com/kraklabs/cie/pkg/llm/provider.go:762.2,773.8 1 1
github.com/kraklabs/cie/pkg/tools/analyze.go:40.55,41.16 1 1
github.com/kraklabs/cie/pkg/tools/analyze.go:41.16,43.3 1 0
github.com/kraklabs/cie/pkg/tools/analyze.go:46.2,76.36 4 1
github.com/kraklabs/cie/pkg/tools/analyze.go:76.36,78.24 1 1
github.com/kraklabs/cie/pkg/tools/analyze.go:78.24,80.31 2 1
github.com/kraklabs/cie/pkg/tools/analyze.go:80.31,81.18 1 1
github.com/kraklabs/cie/pkg/tools/analyze.go:81.18,83.11 2 1
github.com/kraklabs/cie/pkg/tools/analyze.go:86.4,86.18 1 1
github.com/kraklabs/cie/pkg/tools/analyze.go:86.18,87.13 1 1
github.com/kraklabs/cie/pkg/tools/analyze.go:91.3,91.35 1 1
github.com/kraklabs/cie/pkg/tools/analyze.go:91.35,93.4 1 1
github.com/kraklabs/cie/pkg/tools/analyze.go:97.2,97.30 1 1
github.com/kraklabs/cie/pkg/tools/analyze.go:97.30,103.3 1 1
github.com/kraklabs/cie/pkg/tools/analyze.go:106.2,108.20 2 1
github.com/kraklabs/cie/pkg/tools/analyze.go:108.20,129.35 2 1
github.com/kraklabs/cie/pkg/tools/analyze.go:129.35,130.25 1 1
github.com/kraklabs/cie/pkg/tools/analyze.go:130.25,132.32 2 1
github.com/kraklabs/cie/pkg/tools/analyze.go:132.32,133.19 1 1
github.com/kraklabs/cie/pkg/tools/analyze.go:133.19,135.12 2 1
github.com/kraklabs/cie/pkg/tools/analyze.go:138.5,138.19 1 1
github.com/kraklabs/cie/pkg/tools/analyze.go:138.19,139.14 1 1
github.com/kraklabs/cie/pkg/tools/analyze.go:144.4,145.31 2 1
github.com/kraklabs/cie/pkg/tools/analyze.go:145.31,146.37 1 1
github.com/kraklabs/cie/pkg/tools/analyze.go:146.37,148.11 2 1
github.com/kraklabs/cie/pkg/tools/analyze.go:153.3,153.31 1 1
github.com/kraklabs/cie/pkg/tools/analyze.go:153.31,159.4 1 1
github.com/kraklabs/cie/pkg/tools/analyze.go:162.2,162.12 1 1
github.com/kraklabs/cie/pkg/tools/analyze.go:166.38,171.29 4 1
github.com/kraklabs/cie/pkg/tools/analyze.go:171.29,175.20 2 1
github.com/kraklabs/cie/pkg/tools/analyze.go:175.20,176.12 1 0
github.com/kraklabs/cie/pkg/tools/analyze.go:180.3,180.38 1 1
github.com/kraklabs/cie/pkg/tools/analyze.go:180.38,182.4 1 0
github.com/kraklabs/cie/pkg/tools/analyze.go:183.3,183.38 1 1
github.com/kraklabs/cie/pkg/tools/analyze.go:183.38,185.12 2 0
github.com/kraklabs/cie/pkg/tools/analyze.go:187.3,187.21 1 1
github.com/kraklabs/cie/pkg/tools/analyze.go:187.21,188.12 1 0
github.com/kraklabs/cie/pkg/tools/analyze.go:192.3,194.37 1 1
github.com/kraklabs/cie/pkg/tools/analyze.go:194.37,195.12 1 1
github.com/kraklabs/cie/pkg/tools/analyze.go:199.3,204.37 1 1
github.com/kraklabs/cie/pkg/tools/analyze.go:204.37,205.12 1 1
github.com/kraklabs/cie/pkg/tools/analyze.go:208.3,208.10 1 1
github.com/kraklabs/cie/pkg/tools/analyze.go:211.2,211.14 1 1
github.com/kraklabs/cie/pkg/tools/analyze.go:215.93,216.25 1 0
github.com/kraklabs/cie/pkg/tools/analyze.go:216.25,218.3 1 0
github.com/kraklabs/cie/pkg/tools/analyze.go:221.2,221.21 1 0
github.com/kraklabs/cie/pkg/tools/analyze.go:221.21,223.3 1 0
github.com/kraklabs/cie/pkg/tools/analyze.go:225.2,229.52 3 0
github.com/kraklabs/cie/pkg/tools/analyze.go:229.52,231.17 2 0
github.com/kraklabs/cie/pkg/tools/analyze.go:231.17,234.4 2 0
github.com/kraklabs/cie/pkg/tools/analyze.go:235.3,235.16 1 0
github.com/kraklabs/cie/pkg/tools/analyze.go:239.2,258.62 10 0
github.com/kraklabs/cie/pkg/tools/analyze.go:258.62,260.29 1 0
github.com/kraklabs/cie/pkg/tools/analyze.go:260.29,262.18 2 0
github.com/kraklabs/cie/pkg/tools/analyze.go:262.18,264.5 1 0
github.com/kraklabs/cie/pkg/tools/analyze.go:264.10,264.29 1 0
github.com/kraklabs/cie/pkg/tools/analyze.go:264.29,266.5 1 0
github.com/kraklabs/cie/pkg/tools/analyze.go:270.3,271.30 2 0
github.com/kraklabs/cie/pkg/tools/analyze.go:271.30,273.4 1 0
github.com/kraklabs/cie/pkg/tools/analyze.go:274.3,275.17 2 0
github.com/kraklabs/cie/pkg/tools/analyze.go:275.17,277.4 1 0
github.com/kraklabs/cie/pkg/tools/analyze.go:277.9,279.4 1 0
github.com/kraklabs/cie/pkg/tools/analyze.go:282.3,282.58 1 0
github.com/kraklabs/cie/pkg/tools/analyze.go:282.58,284.4 1 0
github.com/kraklabs/cie/pkg/tools/analyze.go:285.8,289.3 2 0
github.com/kraklabs/cie/pkg/tools/analyze.go:292.2,292.29 1 0
github.com/kraklabs/cie/pkg/tools/analyze.go:292.29,294.36 2 0
github.com/kraklabs/cie/pkg/tools/analyze.go:294.36,296.46 2 0
github.com/kraklabs/cie/pkg/tools/analyze.go:296.46,298.5 1 0
github.com/kraklabs/cie/pkg/tools/analyze.go:299.4,301.51 3 0
github.com/kraklabs/cie/pkg/tools/analyze.go:301.51,303.5 1 0
github.com/kraklabs/cie/pkg/tools/analyze.go:304.4,304.46 1 0
github.com/kraklabs/cie/pkg/tools/analyze.go:304.46,306.5 1 0
github.com/kraklabs/cie/pkg/tools/analyze.go:307.4,307.24 1 0
github.com/kraklabs/cie/pkg/tools/analyze.go:309.3,309.44 1 0
github.com/kraklabs/cie/pkg/tools/analyze.go:313.2,313.28 1 0
github.com/kraklabs/cie/pkg/tools/analyze.go:313.28,315.35 2 0
github.com/kraklabs/cie/pkg/tools/analyze.go:315.35,317.46 2 0
github.com/kraklabs/cie/pkg/tools/analyze.go:317.46,319.5 1 0
github.com/kraklabs/cie/pkg/tools/analyze.go:320.4,322.51 3 0
github.com/kraklabs/cie/pkg/tools/analyze.go:322.51,324.5 1 0
github.com/kraklabs/cie/pkg/tools/analyze.go:325.4,325.46 1 0
github.com/kraklabs/cie/pkg/tools/analyze.go:325.46,327.5 1 0
github.com/kraklabs/cie/pkg/tools/analyze.go:328.4,328.25 1 0
github.com/kraklabs/cie/pkg/tools/analyze.go:330.3,330.45 1 0
github.com/kraklabs/cie/pkg/tools/analyze.go:334.2,338.26 3 0
github.com/kraklabs/cie/pkg/tools/analyze.go:338.26,340.21 2 0
github.com/kraklabs/cie/pkg/tools/analyze.go:340.21,343.45 2 0
github.com/kraklabs/cie/pkg/tools/analyze.go:343.45,345.5 1 0
github.com/kraklabs/cie/pkg/tools/analyze.go:346.4,350.30 3 0
github.com/kraklabs/cie/pkg/tools/analyze.go:350.30,352.5 1 0
github.com/kraklabs/cie/pkg/tools/analyze.go:353.4,353.95 1 0
github.com/kraklabs/cie/pkg/tools/analyze.go:353.95,355.5 1 0
github.com/kraklabs/cie/pkg/tools/analyze.go:358.4,359.30 2 0
github.com/kraklabs/cie/pkg/tools/analyze.go:359.30,361.5 1 0
github.com/kraklabs/cie/pkg/tools/analyze.go:362.4,362.99 1 0
github.com/kraklabs/cie/pkg/tools/analyze.go:362.99,364.5 1 0
github.com/kraklabs/cie/pkg/tools/analyze.go:369.2,370.27 2 0
github.com/kraklabs/cie/pkg/tools/analyze.go:370.27,372.3 1 0
github.com/kraklabs/cie/pkg/tools/analyze.go:375.2,375.98 1 0
github.com/kraklabs/cie/pkg/tools/analyze.go:375.98,377.29 2 0
github.com/kraklabs/cie/pkg/tools/analyze.go:377.29,379.4 1 0
github.com/kraklabs/cie/pkg/tools/analyze.go:380.3,380.89 1 0
github.com/kraklabs/cie/pkg/tools/analyze.go:380.89,382.4 1 0
github.com/kraklabs/cie/pkg/tools/analyze.go:386.2,386.101 1 0
github.com/kraklabs/cie/pkg/tools/analyze.go:386.101,388.29 2 0
github.com/kraklabs/cie/pkg/tools/analyze.go:388.29,390.4 1 0
github.com/kraklabs/cie/pkg/tools/analyze.go:391.3,391.90 1 0
github.com/kraklabs/cie/pkg/tools/analyze.go:391.90,393.4 1 0
github.com/kraklabs/cie/pkg/tools/analyze.go:397.2,397.111 1 0
github.com/kraklabs/cie/pkg/tools/analyze.go:397.111,399.29 2 0
github.com/kraklabs/cie/pkg/tools/analyze.go:399.29,401.4 1 0
github.com/kraklabs/cie/pkg/tools/analyze.go:402.3,402.80 1 0
github.com/kraklabs/cie/pkg/tools/analyze.go:402.80,404.36 2 0
github.com/kraklabs/cie/pkg/tools/analyze.go:404.36,405.38 1 0
github.com/kraklabs/cie/pkg/tools/analyze.go:405.38,408.6 2 0
github.com/kraklabs/cie/pkg/tools/analyze.go:410.4,411.33 2 0
github.com/kraklabs/cie/pkg/tools/analyze.go:411.33,413.5 1 0
github.com/kraklabs/cie/pkg/tools/analyze.go:414.4,414.40 1 0
github.com/kraklabs/cie/pkg/tools/analyze.go:419.2,420.28 2 0
github.com/kraklabs/cie/pkg/tools/analyze.go:420.28,422.3 1 0
github.com/kraklabs/cie/pkg/tools/analyze.go:423.2,423.27 1 0
github.com/kraklabs/cie/pkg/tools/analyze.go:423.27,425.3 1 0
github.com/kraklabs/cie/pkg/tools/analyze.go:428.2,428.51 1 0
github.com/kraklabs/cie/pkg/tools/analyze.go:428.51,434.3 5 0
github.com/kraklabs/cie/pkg/tools/analyze.go:436.2,436.35 1 0
github.com/kraklabs/cie/pkg/tools/analyze.go:436.35,438.3 1 0
github.com/kraklabs/cie/pkg/tools/analyze.go:440.2,440.21 1 0
github.com/kraklabs/cie/pkg/tools/analyze.go:440.21,442.28 2 0
github.com/kraklabs/cie/pkg/tools/analyze.go:442.28,444.4 1 0
github.com/kraklabs/cie/pkg/tools/analyze.go:448.2,448.81 1 0
github.com/kraklabs/cie/pkg/tools/analyze.go:448.81,452.17 3 0
github.com/kraklabs/cie/pkg/tools/analyze.go:452.17,454.4 1 0
github.com/kraklabs/cie/pkg/tools/analyze.go:454.9,454.29 1 0
github.com/kraklabs/cie/pkg/tools/analyze.go:454.29,460.4 1 0
github.com/kraklabs/cie/pkg/tools/analyze.go:461.8,461.36 1 0
github.com/kraklabs/cie/pkg/tools/analyze.go:461.36,463.3 1 0
github.com/kraklabs/cie/pkg/tools/analyze.go:465.2,465.31 1 0
github.com/kraklabs/cie/pkg/tools/analyze.go:469.143,472.16 2 0
github.com/kraklabs/cie/pkg/tools/analyze.go:472.16,474.3 1 0
github.com/kraklabs/cie/pkg/tools/analyze.go:477.2,489.16 6 0
github.com/kraklabs/cie/pkg/tools/analyze.go:489.16,491.3 1 0
github.com/kraklabs/cie/pkg/tools/analyze.go:493.2,493.27 1 0
github.com/kraklabs/cie/pkg/tools/analyze.go:493.27,495.3 1 0
github.com/kraklabs/cie/pkg/tools/analyze.go:498.2,501.30 2 0
github.com/kraklabs/cie/pkg/tools/analyze.go:501.30,503.3 1 0
github.com/kraklabs/cie/pkg/tools/analyze.go:506.2,507.34 2 0
github.com/kraklabs/cie/pkg/tools/analyze.go:507.34,513.36 6 0
github.com/kraklabs/cie/pkg/tools/analyze.go:513.36,515.4 1 0
github.com/kraklabs/cie/pkg/tools/analyze.go:517.3,527.31 3 0
github.com/kraklabs/cie/pkg/tools/analyze.go:527.31,529.24 1 0
github.com/kraklabs/cie/pkg/tools/analyze.go:529.24,531.5 1 0
github.com/kraklabs/cie/pkg/tools/analyze.go:532.4,535.43 2 0
github.com/kraklabs/cie/pkg/tools/analyze.go:538.3,538.27 1 0
github.com/kraklabs/cie/pkg/tools/analyze.go:541.2,541.19 1 0
github.com/kraklabs/cie/pkg/tools/analyze.go:547.152,548.23 1 0
github.com/kraklabs/cie/pkg/tools/analyze.go:548.23,550.3 1 0
github.com/kraklabs/cie/pkg/tools/analyze.go:553.2,554.16 2 0
github.com/kraklabs/cie/pkg/tools/analyze.go:554.16,556.3 1 0
github.com/kraklabs/cie/pkg/tools/analyze.go:559.2,571.16 6 0
github.com/kraklabs/cie/pkg/tools/analyze.go:571.16,573.3 1 0
github.com/kraklabs/cie/pkg/tools/analyze.go:575.2,575.27 1 0
github.com/kraklabs/cie/pkg/tools/analyze.go:575.27,577.3 1 0
github.com/kraklabs/cie/pkg/tools/analyze.go:580.2,584.39 3 0
github.com/kraklabs/cie/pkg/tools/analyze.go:584.39,586.3 1 0
github.com/kraklabs/cie/pkg/tools/analyze.go:589.2,593.34 3 0
github.com/kraklabs/cie/pkg/tools/analyze.go:593.34,599.36 6 0
github.com/kraklabs/cie/pkg/tools/analyze.go:599.36,601.4 1 0
github.com/kraklabs/cie/pkg/tools/analyze.go:603.3,607.33 3 0
github.com/kraklabs/cie/pkg/tools/analyze.go:607.33,608.58 1 0
github.com/kraklabs/cie/pkg/tools/analyze.go:608.58,610.5 1 0
github.com/kraklabs/cie/pkg/tools/analyze.go:613.3,613.23 1 0
github.com/kraklabs/cie/pkg/tools/analyze.go:613.23,615.4 1 0
github.com/kraklabs/cie/pkg/tools/analyze.go:617.3,625.27 2 0
github.com/kraklabs/cie/pkg/tools/analyze.go:629.2,629.40 1 0
github.com/kraklabs/cie/pkg/tools/analyze.go:629.40,631.3 1 0
github.com/kraklabs/cie/pkg/tools/analyze.go:634.2,634.24 1 0
github.com/kraklabs/cie/pkg/tools/analyze.go:634.24,636.3 1 0
github.com/kraklabs/cie/pkg/tools/analyze.go:639.2,639.23 1 0
github.com/kraklabs/cie/pkg/tools/analyze.go:639.23,641.31 2 0
github.com/kraklabs/cie/pkg/tools/analyze.go:641.31,642.24 1 0
github.com/kraklabs/cie/pkg/tools/analyze.go:642.24,644.5 1 0
github.com/kraklabs/cie/pkg/tools/analyze.go:645.4,648.59 2 0
github.com/kraklabs/cie/pkg/tools/analyze.go:652.2,652.19 1 0
github.com/kraklabs/cie/pkg/tools/analyze.go:656.107,665.16 3 0
github.com/kraklabs/cie/pkg/tools/analyze.go:665.16,667.3 1 0
github.com/kraklabs/cie/pkg/tools/analyze.go:669.2,669.55 1 0
github.com/kraklabs/cie/pkg/tools/analyze.go:669.55,671.3 1 0
github.com/kraklabs/cie/pkg/tools/analyze.go:673.2,673.44 1 0
github.com/kraklabs/cie/pkg/tools/analyze.go:677.56,678.21 1 0
github.com/kraklabs/cie/pkg/tools/analyze.go:678.21,680.3 1 0
github.com/kraklabs/cie/pkg/tools/analyze.go:682.2,686.26 3 0
github.com/kraklabs/cie/pkg/tools/analyze.go:686.26,687.45 1 0
github.com/kraklabs/cie/pkg/tools/analyze.go:687.45,689.4 1 0
github.com/kraklabs/cie/pkg/tools/analyze.go:692.2,695.19 2 0
github.com/kraklabs/cie/pkg/tools/analyze.go:695.19,697.3 1 0
github.com/kraklabs/cie/pkg/tools/analyze.go:699.2,699.26 1 0
github.com/kraklabs/cie/pkg/tools/analyze.go:699.26,700.19 1 0
github.com/kraklabs/cie/pkg/tools/analyze.go:700.19,701.12 1 0
github.com/kraklabs/cie/pkg/tools/analyze.go:705.3,705.45 1 0
github.com/kraklabs/cie/pkg/tools/analyze.go:705.45,708.4 2 0
github.com/kraklabs/cie/pkg/tools/analyze.go:708.9,710.4 1 0
github.com/kraklabs/cie/pkg/tools/analyze.go:713.3,714.24 2 0
github.com/kraklabs/cie/pkg/tools/analyze.go:714.24,716.4 1 0
github.com/kraklabs/cie/pkg/tools/analyze.go:717.3,719.30 3 0
github.com/kraklabs/cie/pkg/tools/analyze.go:722.2,722.20 1 0
github.com/kraklabs/cie/pkg/tools/analyze.go:726.151,727.20 1 0
github.com/kraklabs/cie/pkg/tools/analyze.go:727.20,729.3 1 0
github.com/kraklabs/cie/pkg/tools/analyze.go:731.2,763.16 3 0
github.com/kraklabs/cie/pkg/tools/analyze.go:763.16,765.3 1 0
github.com/kraklabs/cie/pkg/tools/analyze.go:767.2,767.53 1 0
github.com/kraklabs/cie/pkg/tools/analyze.go:771.101,773.40 2 0
github.com/kraklabs/cie/pkg/tools/analyze.go:773.40,774.49 1 0
github.com/kraklabs/cie/pkg/tools/analyze.go:774.49,776.4 1 0
github.com/kraklabs/cie/pkg/tools/analyze.go:779.2,780.16 2 0
github.com/kraklabs/cie/pkg/tools/analyze.go:780.16,782.3 1 0
github.com/kraklabs/cie/pkg/tools/analyze.go:783.2,783.10 1 0
github.com/kraklabs/cie/pkg/tools/client.go:36.57,44.2 1 0
github.com/kraklabs/cie/pkg/tools/client.go:53.85,60.16 3 0
github.com/kraklabs/cie/pkg/tools/client.go:60.16,62.3 1 0
github.com/kraklabs/cie/pkg/tools/client.go:63.2,66.16 3 0
github.com/kraklabs/cie/pkg/tools/client.go:66.16,68.3 1 0
github.com/kraklabs/cie/pkg/tools/client.go:69.2,72.38 3 0
github.com/kraklabs/cie/pkg/tools/client.go:72.38,74.3 1 0
github.com/kraklabs/cie/pkg/tools/client.go:76.2,77.54 2 0
github.com/kraklabs/cie/pkg/tools/client.go:77.54,79.3 1 0
github.com/kraklabs/cie/pkg/tools/client.go:81.2,81.21 1 0
github.com/kraklabs/cie/pkg/tools/client.go:85.90,92.16 3 0
github.com/kraklabs/cie/pkg/tools/client.go:92.16,94.3 1 0
github.com/kraklabs/cie/pkg/tools/client.go:95.2,98.16 3 0
github.com/kraklabs/cie/pkg/tools/client.go:98.16,100.3 1 0
github.com/kraklabs/cie/pkg/tools/client.go:101.2,104.38 3 0
github.com/kraklabs/cie/pkg/tools/client.go:104.38,106.3 1 0
github.com/kraklabs/cie/pkg/tools/client.go:108.2,109.54 2 0
github.com/kraklabs/cie/pkg/tools/client.go:109.54,111.3 1 0
github.com/kraklabs/cie/pkg/tools/client.go:113.2,113.20 1 0
github.com/kraklabs/cie/pkg/tools/client.go:117.74,120.25 3 0
github.com/kraklabs/cie/pkg/tools/client.go:120.25,122.3 1 0
github.com/kraklabs/cie/pkg/tools/client.go:126.59,129.2 2 0
github.com/kraklabs/cie/pkg/tools/code.go:17.106,19.20 2 0
github.com/kraklabs/cie/pkg/tools/code.go:19.20,21.3 1 0
github.com/kraklabs/cie/pkg/tools/code.go:24.2,27.16 3 0
github.com/kraklabs/cie/pkg/tools/code.go:27.16,29.3 1 0
github.com/kraklabs/cie/pkg/tools/code.go:31.2,31.27 1 0
github.com/kraklabs/cie/pkg/tools/code.go:31.27,35.17 3 0
github.com/kraklabs/cie/pkg/tools/code.go:35.17,37.4 1 0
github.com/kraklabs/cie/pkg/tools/code.go:40.2,40.27 1 0
github.com/kraklabs/cie/pkg/tools/code.go:40.27,42.3 1 0
github.com/kraklabs/cie/pkg/tools/code.go:44.2,58.50 11 0
github.com/kraklabs/cie/pkg/tools/code.go:58.50,61.3 2 0
github.com/kraklabs/cie/pkg/tools/code.go:63.2,69.15 6 0
github.com/kraklabs/cie/pkg/tools/code.go:69.15,73.3 3 0
github.com/kraklabs/cie/pkg/tools/code.go:75.2,75.36 1 0
github.com/kraklabs/cie/pkg/tools/code.go:84.114,86.20 2 0
github.com/kraklabs/cie/pkg/tools/code.go:86.20,88.3 1 0
github.com/kraklabs/cie/pkg/tools/code.go:91.2,94.16 3 0
github.com/kraklabs/cie/pkg/tools/code.go:94.16,96.3 1 0
github.com/kraklabs/cie/pkg/tools/code.go:99.2,99.27 1 0
github.com/kraklabs/cie/pkg/tools/code.go:99.27,102.17 3 0
github.com/kraklabs/cie/pkg/tools/code.go:102.17,104.4 1 0
github.com/kraklabs/cie/pkg/tools/code.go:107.2,107.27 1 0
github.com/kraklabs/cie/pkg/tools/code.go:107.27,115.52 5 0
github.com/kraklabs/cie/pkg/tools/code.go:115.52,120.4 4 0
github.com/kraklabs/cie/pkg/tools/code.go:120.9,131.59 8 0
github.com/kraklabs/cie/pkg/tools/code.go:131.59,133.44 2 0
github.com/kraklabs/cie/pkg/tools/code.go:133.44,135.6 1 0
github.com/kraklabs/cie/pkg/tools/code.go:138.3,138.37 1 0
github.com/kraklabs/cie/pkg/tools/code.go:142.2,143.53 2 0
github.com/kraklabs/cie/pkg/tools/code.go:143.53,145.3 1 0
github.com/kraklabs/cie/pkg/tools/code.go:147.2,149.34 3 0
github.com/kraklabs/cie/pkg/tools/code.go:149.34,154.26 5 0
github.com/kraklabs/cie/pkg/tools/code.go:154.26,156.4 1 0
github.com/kraklabs/cie/pkg/tools/code.go:157.3,157.23 1 0
github.com/kraklabs/cie/pkg/tools/code.go:160.2,160.36 1 0
github.com/kraklabs/cie/pkg/tools/code.go:164.42,166.20 2 0
github.com/kraklabs/cie/pkg/tools/code.go:166.20,168.3 1 0
github.com/kraklabs/cie/pkg/tools/code.go:169.2,169.13 1 0
github.com/kraklabs/cie/pkg/tools/code.go:178.100,180.20 2 0
github.com/kraklabs/cie/pkg/tools/code.go:180.20,182.3 1 0
github.com/kraklabs/cie/pkg/tools/code.go:185.2,186.16 2 0
github.com/kraklabs/cie/pkg/tools/code.go:186.16,188.3 1 0
github.com/kraklabs/cie/pkg/tools/code.go:191.2,192.16 2 0
github.com/kraklabs/cie/pkg/tools/code.go:192.16,194.3 1 0
github.com/kraklabs/cie/pkg/tools/code.go:196.2,203.36 7 0
github.com/kraklabs/cie/pkg/tools/code.go:212.116,214.19 2 0
github.com/kraklabs/cie/pkg/tools/code.go:214.19,216.3 1 0
github.com/kraklabs/cie/pkg/tools/code.go:218.2,221.16 3 0
github.com/kraklabs/cie/pkg/tools/code.go:221.16,223.3 1 0
github.com/kraklabs/cie/pkg/tools/code.go:225.2,225.27 1 0
github.com/kraklabs/cie/pkg/tools/code.go:225.27,227.3 1 0
github.com/kraklabs/cie/pkg/tools/code.go:229.2,231.34 3 0
github.com/kraklabs/cie/pkg/tools/code.go:231.34,236.27 5 0
github.com/kraklabs/cie/pkg/tools/code.go:236.27,238.4 1 0
github.com/kraklabs/cie/pkg/tools/code.go:239.3,239.23 1 0
github.com/kraklabs/cie/pkg/tools/code.go:242.2,242.36 1 0
github.com/kraklabs/cie/pkg/tools/code.go:251.104,253.20 2 0
github.com/kraklabs/cie/pkg/tools/code.go:253.20,255.3 1 0
github.com/kraklabs/cie/pkg/tools/code.go:257.2,262.16 4 0
github.com/kraklabs/cie/pkg/tools/code.go:262.16,265.3 1 0
github.com/kraklabs/cie/pkg/tools/code.go:268.2,270.16 3 0
github.com/kraklabs/cie/pkg/tools/code.go:270.16,272.3 1 0
github.com/kraklabs/cie/pkg/tools/code.go:275.2,277.40 3 0
github.com/kraklabs/cie/pkg/tools/code.go:277.40,279.3 1 0
github.com/kraklabs/cie/pkg/tools/code.go:281.2,285.20 3 0
github.com/kraklabs/cie/pkg/tools/code.go:285.20,287.39 2 0
github.com/kraklabs/cie/pkg/tools/code.go:287.39,292.4 4 0
github.com/kraklabs/cie/pkg/tools/code.go:293.3,293.23 1 0
github.com/kraklabs/cie/pkg/tools/code.go:297.2,297.20 1 0
github.com/kraklabs/cie/pkg/tools/code.go:297.20,301.39 3 0
github.com/kraklabs/cie/pkg/tools/code.go:301.39,304.35 2 0
github.com/kraklabs/cie/pkg/tools/code.go:304.35,306.5 1 0
github.com/kraklabs/cie/pkg/tools/code.go:306.10,308.5 1 0
github.com/kraklabs/cie/pkg/tools/code.go:311.3,311.25 1 0
github.com/kraklabs/cie/pkg/tools/code.go:311.25,313.34 2 0
github.com/kraklabs/cie/pkg/tools/code.go:313.34,318.51 5 0
github.com/kraklabs/cie/pkg/tools/code.go:318.51,320.6 1 0
github.com/kraklabs/cie/pkg/tools/code.go:322.4,322.24 1 0
github.com/kraklabs/cie/pkg/tools/code.go:325.3,325.23 1 0
github.com/kraklabs/cie/pkg/tools/code.go:325.23,327.32 2 0
github.com/kraklabs/cie/pkg/tools/code.go:327.32,332.51 5 0
github.com/kraklabs/cie/pkg/tools/code.go:332.51,334.6 1 0
github.com/kraklabs/cie/pkg/tools/code.go:336.4,336.24 1 0
github.com/kraklabs/cie/pkg/tools/code.go:341.2,344.36 3 0
github.com/kraklabs/cie/pkg/tools/endpoints.go:42.102,63.28 6 0
github.com/kraklabs/cie/pkg/tools/endpoints.go:63.28,65.3 1 0
github.com/kraklabs/cie/pkg/tools/endpoints.go:66.2,69.39 3 0
github.com/kraklabs/cie/pkg/tools/endpoints.go:69.39,71.3 1 0
github.com/kraklabs/cie/pkg/tools/endpoints.go:74.2,75.22 2 0
github.com/kraklabs/cie/pkg/tools/endpoints.go:75.22,77.3 1 0
github.com/kraklabs/cie/pkg/tools/endpoints.go:80.2,86.16 3 0
github.com/kraklabs/cie/pkg/tools/endpoints.go:86.16,88.3 1 0
github.com/kraklabs/cie/pkg/tools/endpoints.go:91.2,91.34 1 0
github.com/kraklabs/cie/pkg/tools/endpoints.go:91.34,98.40 5 0
github.com/kraklabs/cie/pkg/tools/endpoints.go:98.40,100.34 2 0
github.com/kraklabs/cie/pkg/tools/endpoints.go:100.34,103.56 2 0
github.com/kraklabs/cie/pkg/tools/endpoints.go:103.56,105.6 1 0
github.com/kraklabs/cie/pkg/tools/endpoints.go:105.11,107.6 1 0
github.com/kraklabs/cie/pkg/tools/endpoints.go:109.5,109.52 1 0
github.com/kraklabs/cie/pkg/tools/endpoints.go:109.52,111.6 1 0
github.com/kraklabs/cie/pkg/tools/endpoints.go:113.5,113.23 1 0
github.com/kraklabs/cie/pkg/tools/endpoints.go:113.23,114.14 1 0
github.com/kraklabs/cie/pkg/tools/endpoints.go:118.5,118.95 1 0
github.com/kraklabs/cie/pkg/tools/endpoints.go:118.95,119.14 1 0
github.com/kraklabs/cie/pkg/tools/endpoints.go:123.5,123.112 1 0
github.com/kraklabs/cie/pkg/tools/endpoints.go:123.112,124.14 1 0
github.com/kraklabs/cie/pkg/tools/endpoints.go:127.5,133.7 1 0
github.com/kraklabs/cie/pkg/tools/endpoints.go:139.2,141.31 3 0
github.com/kraklabs/cie/pkg/tools/endpoints.go:141.31,143.17 2 0
github.com/kraklabs/cie/pkg/tools/endpoints.go:143.17,146.4 2 0
github.com/kraklabs/cie/pkg/tools/endpoints.go:148.2,150.25 2 0
github.com/kraklabs/cie/pkg/tools/endpoints.go:150.25,157.3 6 0
github.com/kraklabs/cie/pkg/tools/endpoints.go:160.2,162.15 3 0
github.com/kraklabs/cie/pkg/tools/endpoints.go:162.15,164.3 1 0
github.com/kraklabs/cie/pkg/tools/endpoints.go:167.2,168.28 2 0
github.com/kraklabs/cie/pkg/tools/endpoints.go:168.28,170.3 1 0
github.com/kraklabs/cie/pkg/tools/endpoints.go:171.2,171.27 1 0
github.com/kraklabs/cie/pkg/tools/endpoints.go:171.27,173.3 1 0
github.com/kraklabs/cie/pkg/tools/endpoints.go:175.2,178.31 3 0
github.com/kraklabs/cie/pkg/tools/endpoints.go:178.31,182.3 2 0
github.com/kraklabs/cie/pkg/tools/endpoints.go:185.2,189.31 3 0
github.com/kraklabs/cie/pkg/tools/endpoints.go:189.31,191.3 1 0
github.com/kraklabs/cie/pkg/tools/endpoints.go:192.2,194.32 3 0
github.com/kraklabs/cie/pkg/tools/endpoints.go:194.32,195.39 1 0
github.com/kraklabs/cie/pkg/tools/endpoints.go:195.39,197.4 1 0
github.com/kraklabs/cie/pkg/tools/endpoints.go:199.2,203.31 3 0
github.com/kraklabs/cie/pkg/tools/endpoints.go:203.31,206.3 2 0
github.com/kraklabs/cie/pkg/tools/endpoints.go:208.2,208.27 1 0
github.com/kraklabs/cie/pkg/tools/endpoints.go:208.27,212.36 3 0
github.com/kraklabs/cie/pkg/tools/endpoints.go:212.36,214.4 1 0
github.com/kraklabs/cie/pkg/tools/endpoints.go:215.3,216.35 2 0
github.com/kraklabs/cie/pkg/tools/endpoints.go:216.35,218.4 1 0
github.com/kraklabs/cie/pkg/tools/endpoints.go:219.3,219.17 1 0
github.com/kraklabs/cie/pkg/tools/endpoints.go:223.2,224.31 2 0
github.com/kraklabs/cie/pkg/tools/endpoints.go:224.31,227.3 2 0
github.com/kraklabs/cie/pkg/tools/endpoints.go:228.2,228.25 1 0
github.com/kraklabs/cie/pkg/tools/endpoints.go:228.25,231.29 3 0
github.com/kraklabs/cie/pkg/tools/endpoints.go:231.29,233.4 1 0
github.com/kraklabs/cie/pkg/tools/endpoints.go:234.3,235.27 2 0
github.com/kraklabs/cie/pkg/tools/endpoints.go:235.27,237.4 1 0
github.com/kraklabs/cie/pkg/tools/endpoints.go:238.3,238.17 1 0
github.com/kraklabs/cie/pkg/tools/endpoints.go:242.2,242.15 1 0
github.com/kraklabs/cie/pkg/tools/endpoints.go:242.15,244.3 1 0
github.com/kraklabs/cie/pkg/tools/endpoints.go:246.2,246.31 1 0
github.com/kraklabs/cie/pkg/tools/endpoints.go:250.44,252.21 2 0
github.com/kraklabs/cie/pkg/tools/endpoints.go:252.21,254.3 1 0
github.com/kraklabs/cie/pkg/tools/endpoints.go:256.2,256.21 1 0
github.com/kraklabs/cie/pkg/tools/endpoints.go:256.21,258.3 1 0
github.com/kraklabs/cie/pkg/tools/endpoints.go:259.2,259.40 1 0
github.com/kraklabs/cie/pkg/tools/find_type.go:19.92,20.21 1 0
github.com/kraklabs/cie/pkg/tools/find_type.go:20.21,22.3 1 0
github.com/kraklabs/cie/pkg/tools/find_type.go:24.2,24.21 1 0
github.com/kraklabs/cie/pkg/tools/find_type.go:24.21,26.3 1 0
github.com/kraklabs/cie/pkg/tools/find_type.go:29.2,37.43 4 0
github.com/kraklabs/cie/pkg/tools/find_type.go:37.43,39.3 1 0
github.com/kraklabs/cie/pkg/tools/find_type.go:42.2,42.28 1 0
github.com/kraklabs/cie/pkg/tools/find_type.go:42.28,44.3 1 0
github.com/kraklabs/cie/pkg/tools/find_type.go:47.2,54.16 3 0
github.com/kraklabs/cie/pkg/tools/find_type.go:54.16,57.84 2 0
github.com/kraklabs/cie/pkg/tools/find_type.go:57.84,60.4 1 0
github.com/kraklabs/cie/pkg/tools/find_type.go:61.3,61.81 1 0
github.com/kraklabs/cie/pkg/tools/find_type.go:64.2,64.27 1 0
github.com/kraklabs/cie/pkg/tools/find_type.go:64.27,70.3 1 0
github.com/kraklabs/cie/pkg/tools/find_type.go:73.2,74.43 2 0
github.com/kraklabs/cie/pkg/tools/find_type.go:74.43,76.3 1 0
github.com/kraklabs/cie/pkg/tools/find_type.go:78.2,78.34 1 0
github.com/kraklabs/cie/pkg/tools/find_type.go:78.34,86.3 6 0
github.com/kraklabs/cie/pkg/tools/find_type.go:88.2,88.31 1 0
github.com/kraklabs/cie/pkg/tools/find_type.go:103.99,104.16 1 0
github.com/kraklabs/cie/pkg/tools/find_type.go:104.16,106.3 1 0
github.com/kraklabs/cie/pkg/tools/find_type.go:110.2,111.20 2 0
github.com/kraklabs/cie/pkg/tools/find_type.go:111.20,118.3 1 0
github.com/kraklabs/cie/pkg/tools/find_type.go:118.8,125.3 1 0
github.com/kraklabs/cie/pkg/tools/find_type.go:127.2,128.16 2 0
github.com/kraklabs/cie/pkg/tools/find_type.go:128.16,130.3 1 0
github.com/kraklabs/cie/pkg/tools/find_type.go:132.2,132.27 1 0
github.com/kraklabs/cie/pkg/tools/find_type.go:132.27,134.3 1 0
github.com/kraklabs/cie/pkg/tools/find_type.go:136.2,151.31 12 0
github.com/kraklabs/cie/pkg/tools/find_type.go:156.45,158.9 2 1
github.com/kraklabs/cie/pkg/tools/find_type.go:159.42,160.14 1 1
github.com/kraklabs/cie/pkg/tools/find_type.go:161.42,162.18 1 1
github.com/kraklabs/cie/pkg/tools/find_type.go:163.79,164.22 1 1
github.com/kraklabs/cie/pkg/tools/find_type.go:165.79,166.22 1 1
github.com/kraklabs/cie/pkg/tools/find_type.go:167.42,168.16 1 1
github.com/kraklabs/cie/pkg/tools/find_type.go:169.44,170.16 1 1
github.com/kraklabs/cie/pkg/tools/find_type.go:171.10,172.19 1 1
github.com/kraklabs/cie/pkg/tools/grep.go:38.84,40.25 1 0
github.com/kraklabs/cie/pkg/tools/grep.go:40.25,42.3 1 0
github.com/kraklabs/cie/pkg/tools/grep.go:44.2,44.21 1 0
github.com/kraklabs/cie/pkg/tools/grep.go:44.21,46.3 1 0
github.com/kraklabs/cie/pkg/tools/grep.go:49.2,53.25 3 0
github.com/kraklabs/cie/pkg/tools/grep.go:53.25,55.3 1 0
github.com/kraklabs/cie/pkg/tools/grep.go:58.2,60.15 3 0
github.com/kraklabs/cie/pkg/tools/grep.go:60.15,62.3 1 0
github.com/kraklabs/cie/pkg/tools/grep.go:65.2,68.21 2 0
github.com/kraklabs/cie/pkg/tools/grep.go:68.21,70.3 1 0
github.com/kraklabs/cie/pkg/tools/grep.go:73.2,73.31 1 0
github.com/kraklabs/cie/pkg/tools/grep.go:73.31,75.3 1 0
github.com/kraklabs/cie/pkg/tools/grep.go:77.2,78.39 2 0
github.com/kraklabs/cie/pkg/tools/grep.go:78.39,80.3 1 0
github.com/kraklabs/cie/pkg/tools/grep.go:83.2,89.16 3 0
github.com/kraklabs/cie/pkg/tools/grep.go:89.16,91.3 1 0
github.com/kraklabs/cie/pkg/tools/grep.go:93.2,93.27 1 0
github.com/kraklabs/cie/pkg/tools/grep.go:93.27,95.22 2 0
github.com/kraklabs/cie/pkg/tools/grep.go:95.22,97.4 1 0
github.com/kraklabs/cie/pkg/tools/grep.go:98.3,98.32 1 0
github.com/kraklabs/cie/pkg/tools/grep.go:98.32,100.4 1 0
github.com/kraklabs/cie/pkg/tools/grep.go:103.3,103.22 1 0
github.com/kraklabs/cie/pkg/tools/grep.go:103.22,105.25 2 0
github.com/kraklabs/cie/pkg/tools/grep.go:105.25,107.33 2 0
github.com/kraklabs/cie/pkg/tools/grep.go:107.33,109.6 1 0
github.com/kraklabs/cie/pkg/tools/grep.go:110.5,110.19 1 0
github.com/kraklabs/cie/pkg/tools/grep.go:115.3,116.29 2 0
github.com/kraklabs/cie/pkg/tools/grep.go:116.29,118.4 1 0
github.com/kraklabs/cie/pkg/tools/grep.go:120.3,124.32 5 0
github.com/kraklabs/cie/pkg/tools/grep.go:127.2,128.21 2 0
github.com/kraklabs/cie/pkg/tools/grep.go:128.21,130.3 1 0
github.com/kraklabs/cie/pkg/tools/grep.go:131.2,131.31 1 0
github.com/kraklabs/cie/pkg/tools/grep.go:131.31,133.3 1 0
github.com/kraklabs/cie/pkg/tools/grep.go:134.2,136.34 2 0
github.com/kraklabs/cie/pkg/tools/grep.go:136.34,144.32 5 0
github.com/kraklabs/cie/pkg/tools/grep.go:144.32,147.26 3 0
github.com/kraklabs/cie/pkg/tools/grep.go:147.26,149.5 1 0
github.com/kraklabs/cie/pkg/tools/grep.go:151.3,151.17 1 0
github.com/kraklabs/cie/pkg/tools/grep.go:154.2,154.31 1 0
github.com/kraklabs/cie/pkg/tools/grep.go:158.96,164.20 4 1
github.com/kraklabs/cie/pkg/tools/grep.go:164.20,166.3 1 1
github.com/kraklabs/cie/pkg/tools/grep.go:168.2,168.29 1 1
github.com/kraklabs/cie/pkg/tools/grep.go:168.29,170.21 2 1
github.com/kraklabs/cie/pkg/tools/grep.go:170.21,172.4 1 1
github.com/kraklabs/cie/pkg/tools/grep.go:173.3,173.44 1 1
github.com/kraklabs/cie/pkg/tools/grep.go:173.44,175.4 1 1
github.com/kraklabs/cie/pkg/tools/grep.go:178.2,178.32 1 1
github.com/kraklabs/cie/pkg/tools/grep.go:178.32,180.3 1 1
github.com/kraklabs/cie/pkg/tools/grep.go:183.2,187.45 4 1
github.com/kraklabs/cie/pkg/tools/grep.go:187.45,189.16 2 1
github.com/kraklabs/cie/pkg/tools/grep.go:189.16,191.4 1 1
github.com/kraklabs/cie/pkg/tools/grep.go:192.3,193.24 2 1
github.com/kraklabs/cie/pkg/tools/grep.go:193.24,195.4 1 1
github.com/kraklabs/cie/pkg/tools/grep.go:198.3,198.44 1 1
github.com/kraklabs/cie/pkg/tools/grep.go:198.44,200.4 1 1
github.com/kraklabs/cie/pkg/tools/grep.go:202.3,202.33 1 1
github.com/kraklabs/cie/pkg/tools/grep.go:202.33,203.16 1 1
github.com/kraklabs/cie/pkg/tools/grep.go:203.16,204.13 1 1
github.com/kraklabs/cie/pkg/tools/grep.go:206.4,210.22 4 1
github.com/kraklabs/cie/pkg/tools/grep.go:210.22,212.5 1 1
github.com/kraklabs/cie/pkg/tools/grep.go:214.4,214.63 1 1
github.com/kraklabs/cie/pkg/tools/grep.go:219.2,219.24 1 1
github.com/kraklabs/cie/pkg/tools/grep.go:219.24,221.3 1 1
github.com/kraklabs/cie/pkg/tools/grep.go:223.2,223.15 1 1
github.com/kraklabs/cie/pkg/tools/grep.go:227.36,230.22 3 1
github.com/kraklabs/cie/pkg/tools/grep.go:230.22,231.16 1 1
github.com/kraklabs/cie/pkg/tools/grep.go:231.16,234.4 2 1
github.com/kraklabs/cie/pkg/tools/grep.go:234.9,236.4 1 1
github.com/kraklabs/cie/pkg/tools/grep.go:238.2,238.19 1 1
github.com/kraklabs/cie/pkg/tools/grep.go:238.19,240.3 1 1
github.com/kraklabs/cie/pkg/tools/grep.go:241.2,241.14 1 1
github.com/kraklabs/cie/pkg/tools/grep.go:245.89,246.26 1 0
github.com/kraklabs/cie/pkg/tools/grep.go:246.26,248.3 1 0
github.com/kraklabs/cie/pkg/tools/grep.go:251.2,252.34 2 0
github.com/kraklabs/cie/pkg/tools/grep.go:252.34,254.3 1 0
github.com/kraklabs/cie/pkg/tools/grep.go:256.2,257.25 2 0
github.com/kraklabs/cie/pkg/tools/grep.go:257.25,259.3 1 0
github.com/kraklabs/cie/pkg/tools/grep.go:262.2,264.21 2 0
github.com/kraklabs/cie/pkg/tools/grep.go:264.21,266.3 1 0
github.com/kraklabs/cie/pkg/tools/grep.go:268.2,268.31 1 0
github.com/kraklabs/cie/pkg/tools/grep.go:268.31,270.3 1 0
github.com/kraklabs/cie/pkg/tools/grep.go:272.2,281.16 4 0
github.com/kraklabs/cie/pkg/tools/grep.go:281.16,283.3 1 0
github.com/kraklabs/cie/pkg/tools/grep.go:286.2,289.34 3 0
github.com/kraklabs/cie/pkg/tools/grep.go:289.34,296.35 5 0
github.com/kraklabs/cie/pkg/tools/grep.go:296.35,299.27 3 0
github.com/kraklabs/cie/pkg/tools/grep.go:299.27,302.5 2 0
github.com/kraklabs/cie/pkg/tools/grep.go:304.4,304.41 1 0
github.com/kraklabs/cie/pkg/tools/grep.go:304.41,306.47 2 0
github.com/kraklabs/cie/pkg/tools/grep.go:306.47,312.6 1 0
github.com/kraklabs/cie/pkg/tools/grep.go:318.2,321.21 3 0
github.com/kraklabs/cie/pkg/tools/grep.go:321.21,323.3 1 0
github.com/kraklabs/cie/pkg/tools/grep.go:326.2,330.34 4 0
github.com/kraklabs/cie/pkg/tools/grep.go:330.34,334.17 4 0
github.com/kraklabs/cie/pkg/tools/grep.go:334.17,336.4 1 0
github.com/kraklabs/cie/pkg/tools/grep.go:337.3,337.77 1 0
github.com/kraklabs/cie/pkg/tools/grep.go:339.2,342.34 2 0
github.com/kraklabs/cie/pkg/tools/grep.go:342.34,344.24 2 0
github.com/kraklabs/cie/pkg/tools/grep.go:344.24,345.12 1 0
github.com/kraklabs/cie/pkg/tools/grep.go:348.3,350.33 2 0
github.com/kraklabs/cie/pkg/tools/grep.go:350.33,351.14 1 0
github.com/kraklabs/cie/pkg/tools/grep.go:351.14,353.10 2 0
github.com/kraklabs/cie/pkg/tools/grep.go:355.4,355.105 1 0
github.com/kraklabs/cie/pkg/tools/grep.go:357.3,357.27 1 0
github.com/kraklabs/cie/pkg/tools/grep.go:360.2,360.40 1 0
github.com/kraklabs/cie/pkg/tools/grep.go:371.107,375.20 3 0
github.com/kraklabs/cie/pkg/tools/grep.go:375.20,377.3 1 0
github.com/kraklabs/cie/pkg/tools/grep.go:380.2,386.41 3 0
github.com/kraklabs/cie/pkg/tools/grep.go:386.41,388.3 1 0
github.com/kraklabs/cie/pkg/tools/grep.go:391.2,392.34 2 0
github.com/kraklabs/cie/pkg/tools/grep.go:392.34,395.19 3 0
github.com/kraklabs/cie/pkg/tools/grep.go:395.19,397.4 1 0
github.com/kraklabs/cie/pkg/tools/grep.go:401.2,402.31 2 0
github.com/kraklabs/cie/pkg/tools/grep.go:402.31,404.3 1 0
github.com/kraklabs/cie/pkg/tools/grep.go:407.2,407.34 1 0
github.com/kraklabs/cie/pkg/tools/grep.go:407.34,408.39 1 0
github.com/kraklabs/cie/pkg/tools/grep.go:408.39,409.39 1 0
github.com/kraklabs/cie/pkg/tools/grep.go:409.39,411.5 1 0
github.com/kraklabs/cie/pkg/tools/grep.go:416.2,416.20 1 0
github.com/kraklabs/cie/pkg/tools/grep.go:416.20,418.3 1 0
github.com/kraklabs/cie/pkg/tools/grep.go:420.2,420.14 1 0
github.com/kraklabs/cie/pkg/tools/grep.go:437.114,439.34 1 0
github.com/kraklabs/cie/pkg/tools/grep.go:439.34,441.3 1 0
github.com/kraklabs/cie/pkg/tools/grep.go:444.2,447.39 3 0
github.com/kraklabs/cie/pkg/tools/grep.go:447.39,450.23 3 0
github.com/kraklabs/cie/pkg/tools/grep.go:450.23,453.9 3 0
github.com/kraklabs/cie/pkg/tools/grep.go:457.2,457.23 1 0
github.com/kraklabs/cie/pkg/tools/grep.go:457.23,459.3 1 0
github.com/kraklabs/cie/pkg/tools/grep.go:462.2,467.35 2 0
github.com/kraklabs/cie/pkg/tools/grep.go:467.35,471.40 2 0
github.com/kraklabs/cie/pkg/tools/grep.go:471.40,472.31 1 0
github.com/kraklabs/cie/pkg/tools/grep.go:472.31,473.13 1 0
github.com/kraklabs/cie/pkg/tools/grep.go:475.4,477.20 3 0
github.com/kraklabs/cie/pkg/tools/grep.go:478.27,479.37 1 0
github.com/kraklabs/cie/pkg/tools/grep.go:480.23,481.31 1 0
github.com/kraklabs/cie/pkg/tools/grep.go:482.25,483.37 1 0
github.com/kraklabs/cie/pkg/tools/grep.go:484.19,485.37 1 0
github.com/kraklabs/cie/pkg/tools/grep.go:487.4,491.25 2 0
github.com/kraklabs/cie/pkg/tools/grep.go:496.2,497.35 2 0
github.com/kraklabs/cie/pkg/tools/grep.go:497.35,499.16 2 0
github.com/kraklabs/cie/pkg/tools/grep.go:499.16,501.4 1 0
github.com/kraklabs/cie/pkg/tools/grep.go:504.2,504.27 1 0
github.com/kraklabs/cie/pkg/tools/grep.go:504.27,506.3 1 0
github.com/kraklabs/cie/pkg/tools/grep.go:508.2,511.32 4 0
github.com/kraklabs/cie/pkg/tools/grep.go:511.32,513.3 1 0
github.com/kraklabs/cie/pkg/tools/grep.go:514.2,514.15 1 0
github.com/kraklabs/cie/pkg/tools/grep.go:518.44,528.2 8 0
github.com/kraklabs/cie/pkg/tools/grep.go:531.99,534.20 3 0
github.com/kraklabs/cie/pkg/tools/grep.go:534.20,536.3 1 0
github.com/kraklabs/cie/pkg/tools/grep.go:538.2,539.16 2 0
github.com/kraklabs/cie/pkg/tools/grep.go:539.16,541.3 1 0
github.com/kraklabs/cie/pkg/tools/grep.go:543.2,549.69 3 0
github.com/kraklabs/cie/pkg/tools/grep.go:549.69,551.3 1 0
github.com/kraklabs/cie/pkg/tools/grep.go:553.2,553.46 1 0
github.com/kraklabs/cie/pkg/tools/grep.go:553.46,555.3 1 0
github.com/kraklabs/cie/pkg/tools/grep.go:556.2,556.10 1 0
github.com/kraklabs/cie/pkg/tools/grep.go:560.40,562.21 2 0
github.com/kraklabs/cie/pkg/tools/grep.go:562.21,564.3 1 0
github.com/kraklabs/cie/pkg/tools/grep.go:565.2,565.21 1 0
github.com/kraklabs/cie/pkg/tools/grep.go:565.21,567.3 1 0
github.com/kraklabs/cie/pkg/tools/grep.go:568.2,568.11 1 0
github.com/kraklabs/cie/pkg/tools/grep.go:603.102,604.29 1 0
github.com/kraklabs/cie/pkg/tools/grep.go:604.29,606.3 1 0
github.com/kraklabs/cie/pkg/tools/grep.go:608.2,608.25 1 0
github.com/kraklabs/cie/pkg/tools/grep.go:608.25,610.3 1 0
github.com/kraklabs/cie/pkg/tools/grep.go:613.2,614.40 2 0
github.com/kraklabs/cie/pkg/tools/grep.go:614.40,616.3 1 0
github.com/kraklabs/cie/pkg/tools/grep.go:618.2,619.25 2 0
github.com/kraklabs/cie/pkg/tools/grep.go:619.25,621.3 1 0
github.com/kraklabs/cie/pkg/tools/grep.go:624.2,626.21 2 0
github.com/kraklabs/cie/pkg/tools/grep.go:626.21,628.3 1 0
github.com/kraklabs/cie/pkg/tools/grep.go:630.2,630.31 1 0
github.com/kraklabs/cie/pkg/tools/grep.go:630.31,632.3 1 0
github.com/kraklabs/cie/pkg/tools/grep.go:634.2,643.16 4 0
github.com/kraklabs/cie/pkg/tools/grep.go:643.16,645.3 1 0
github.com/kraklabs/cie/pkg/tools/grep.go:648.2,649.21 2 0
github.com/kraklabs/cie/pkg/tools/grep.go:649.21,654.3 1 0
github.com/kraklabs/cie/pkg/tools/grep.go:655.2,657.111 3 0
github.com/kraklabs/cie/pkg/tools/grep.go:657.111,658.56 1 0
github.com/kraklabs/cie/pkg/tools/grep.go:658.56,660.4 1 0
github.com/kraklabs/cie/pkg/tools/grep.go:664.2,666.34 2 0
github.com/kraklabs/cie/pkg/tools/grep.go:666.34,673.41 5 0
github.com/kraklabs/cie/pkg/tools/grep.go:673.41,676.27 3 0
github.com/kraklabs/cie/pkg/tools/grep.go:676.27,679.5 2 0
github.com/kraklabs/cie/pkg/tools/grep.go:681.4,681.44 1 0
github.com/kraklabs/cie/pkg/tools/grep.go:681.44,689.10 2 0
github.com/kraklabs/cie/pkg/tools/grep.go:694.2,699.12 3 0
github.com/kraklabs/cie/pkg/tools/grep.go:699.12,702.3 2 0
github.com/kraklabs/cie/pkg/tools/grep.go:702.8,705.3 2 0
github.com/kraklabs/cie/pkg/tools/grep.go:708.2,712.21 5 0
github.com/kraklabs/cie/pkg/tools/grep.go:712.21,714.3 1 0
github.com/kraklabs/cie/pkg/tools/grep.go:715.2,719.40 3 0
github.com/kraklabs/cie/pkg/tools/grep.go:719.40,721.32 2 0
github.com/kraklabs/cie/pkg/tools/grep.go:721.32,722.28 1 0
github.com/kraklabs/cie/pkg/tools/grep.go:722.28,724.10 2 0
github.com/kraklabs/cie/pkg/tools/grep.go:727.3,727.12 1 0
github.com/kraklabs/cie/pkg/tools/grep.go:727.12,729.4 1 0
github.com/kraklabs/cie/pkg/tools/grep.go:729.9,731.4 1 0
github.com/kraklabs/cie/pkg/tools/grep.go:733.2,736.25 2 0
github.com/kraklabs/cie/pkg/tools/grep.go:736.25,738.32 2 0
github.com/kraklabs/cie/pkg/tools/grep.go:738.32,739.15 1 0
github.com/kraklabs/cie/pkg/tools/grep.go:739.15,741.10 2 0
github.com/kraklabs/cie/pkg/tools/grep.go:743.4,745.81 3 0
github.com/kraklabs/cie/pkg/tools/grep.go:749.2,749.40 1 0
github.com/kraklabs/cie/pkg/tools/implementations.go:20.114,21.30 1 0
github.com/kraklabs/cie/pkg/tools/implementations.go:21.30,23.3 1 0
github.com/kraklabs/cie/pkg/tools/implementations.go:24.2,24.21 1 0
github.com/kraklabs/cie/pkg/tools/implementations.go:24.21,26.3 1 0
github.com/kraklabs/cie/pkg/tools/implementations.go:30.2,39.16 3 0
github.com/kraklabs/cie/pkg/tools/implementations.go:39.16,41.3 1 0
github.com/kraklabs/cie/pkg/tools/implementations.go:43.2,46.36 3 0
github.com/kraklabs/cie/pkg/tools/implementations.go:46.36,49.3 1 0
github.com/kraklabs/cie/pkg/tools/implementations.go:52.2,61.23 7 0
github.com/kraklabs/cie/pkg/tools/implementations.go:61.23,64.3 2 0
github.com/kraklabs/cie/pkg/tools/implementations.go:66.2,72.31 3 0
github.com/kraklabs/cie/pkg/tools/implementations.go:72.31,78.3 5 0
github.com/kraklabs/cie/pkg/tools/implementations.go:80.2,81.39 2 0
github.com/kraklabs/cie/pkg/tools/implementations.go:81.39,85.3 3 0
github.com/kraklabs/cie/pkg/tools/implementations.go:87.2,87.36 1 0
github.com/kraklabs/cie/pkg/tools/implementations.go:100.47,110.32 5 0
github.com/kraklabs/cie/pkg/tools/implementations.go:110.32,111.40 1 0
github.com/kraklabs/cie/pkg/tools/implementations.go:111.40,114.4 2 0
github.com/kraklabs/cie/pkg/tools/implementations.go:117.2,117.16 1 0
github.com/kraklabs/cie/pkg/tools/implementations.go:121.134,122.23 1 0
github.com/kraklabs/cie/pkg/tools/implementations.go:122.23,124.3 1 0
github.com/kraklabs/cie/pkg/tools/implementations.go:128.2,129.33 2 0
github.com/kraklabs/cie/pkg/tools/implementations.go:129.33,132.3 1 0
github.com/kraklabs/cie/pkg/tools/implementations.go:135.2,139.33 4 0
github.com/kraklabs/cie/pkg/tools/implementations.go:139.33,146.24 2 0
github.com/kraklabs/cie/pkg/tools/implementations.go:146.24,153.4 1 0
github.com/kraklabs/cie/pkg/tools/implementations.go:154.3,157.17 3 0
github.com/kraklabs/cie/pkg/tools/implementations.go:157.17,158.12 1 0
github.com/kraklabs/cie/pkg/tools/implementations.go:161.3,161.35 1 0
github.com/kraklabs/cie/pkg/tools/implementations.go:161.35,168.23 5 0
github.com/kraklabs/cie/pkg/tools/implementations.go:168.23,171.46 3 0
github.com/kraklabs/cie/pkg/tools/implementations.go:171.46,174.6 2 0
github.com/kraklabs/cie/pkg/tools/implementations.go:180.2,181.52 2 0
github.com/kraklabs/cie/pkg/tools/implementations.go:181.52,182.38 1 0
github.com/kraklabs/cie/pkg/tools/implementations.go:182.38,185.30 2 0
github.com/kraklabs/cie/pkg/tools/implementations.go:185.30,187.35 2 0
github.com/kraklabs/cie/pkg/tools/implementations.go:187.35,188.17 1 0
github.com/kraklabs/cie/pkg/tools/implementations.go:188.17,190.12 2 0
github.com/kraklabs/cie/pkg/tools/implementations.go:193.5,193.15 1 0
github.com/kraklabs/cie/pkg/tools/implementations.go:193.15,195.11 2 0
github.com/kraklabs/cie/pkg/tools/implementations.go:198.4,198.14 1 0
github.com/kraklabs/cie/pkg/tools/implementations.go:198.14,205.5 1 0
github.com/kraklabs/cie/pkg/tools/implementations.go:210.2,210.34 1 0
github.com/kraklabs/cie/pkg/tools/implementations.go:210.34,212.3 1 0
github.com/kraklabs/cie/pkg/tools/implementations.go:214.2,214.24 1 0
github.com/kraklabs/cie/pkg/tools/implementations.go:218.147,230.28 3 0
github.com/kraklabs/cie/pkg/tools/implementations.go:230.28,238.3 1 0
github.com/kraklabs/cie/pkg/tools/implementations.go:239.2,242.42 3 0
github.com/kraklabs/cie/pkg/tools/implementations.go:242.42,244.37 2 0
github.com/kraklabs/cie/pkg/tools/implementations.go:244.37,250.4 5 0
github.com/kraklabs/cie/pkg/tools/implementations.go:251.3,251.37 1 0
github.com/kraklabs/cie/pkg/tools/implementations.go:256.2,265.42 4 0
github.com/kraklabs/cie/pkg/tools/implementations.go:265.42,267.37 2 0
github.com/kraklabs/cie/pkg/tools/implementations.go:267.37,273.4 5 0
github.com/kraklabs/cie/pkg/tools/implementations.go:274.3,274.37 1 0
github.com/kraklabs/cie/pkg/tools/implementations.go:277.2,283.36 6 0
github.com/kraklabs/cie/pkg/tools/schema.go:6.58,8.2 1 0
github.com/kraklabs/cie/pkg/tools/search.go:22.96,23.24 1 0
github.com/kraklabs/cie/pkg/tools/search.go:23.24,25.3 1 0
github.com/kraklabs/cie/pkg/tools/search.go:27.2,27.25 1 0
github.com/kraklabs/cie/pkg/tools/search.go:27.25,29.3 1 0
github.com/kraklabs/cie/pkg/tools/search.go:30.2,30.21 1 0
github.com/kraklabs/cie/pkg/tools/search.go:30.21,32.3 1 0
github.com/kraklabs/cie/pkg/tools/search.go:36.2,36.19 1 0
github.com/kraklabs/cie/pkg/tools/search.go:36.19,37.57 1 0
github.com/kraklabs/cie/pkg/tools/search.go:37.57,52.4 1 0
github.com/kraklabs/cie/pkg/tools/search.go:56.2,57.18 2 0
github.com/kraklabs/cie/pkg/tools/search.go:57.18,59.3 1 0
github.com/kraklabs/cie/pkg/tools/search.go:62.2,66.23 3 0
github.com/kraklabs/cie/pkg/tools/search.go:67.14,68.88 1 0
github.com/kraklabs/cie/pkg/tools/search.go:69.19,70.88 1 0
github.com/kraklabs/cie/pkg/tools/search.go:71.14,72.83 1 0
github.com/kraklabs/cie/pkg/tools/search.go:73.10,74.167 1 0
github.com/kraklabs/cie/pkg/tools/search.go:77.2,77.28 1 0
github.com/kraklabs/cie/pkg/tools/search.go:77.28,79.3 1 0
github.com/kraklabs/cie/pkg/tools/search.go:82.2,82.31 1 0
github.com/kraklabs/cie/pkg/tools/search.go:82.31,84.3 1 0
github.com/kraklabs/cie/pkg/tools/search.go:87.2,88.19 2 0
github.com/kraklabs/cie/pkg/tools/search.go:88.19,94.3 1 0
github.com/kraklabs/cie/pkg/tools/search.go:94.8,100.3 1 0
github.com/kraklabs/cie/pkg/tools/search.go:102.2,103.16 2 0
github.com/kraklabs/cie/pkg/tools/search.go:103.16,105.3 1 0
github.com/kraklabs/cie/pkg/tools/search.go:107.2,107.58 1 0
github.com/kraklabs/cie/pkg/tools/search.go:119.100,120.21 1 0
github.com/kraklabs/cie/pkg/tools/search.go:120.21,122.3 1 0
github.com/kraklabs/cie/pkg/tools/search.go:124.2,125.21 2 0
github.com/kraklabs/cie/pkg/tools/search.go:125.21,127.3 1 0
github.com/kraklabs/cie/pkg/tools/search.go:127.8,130.3 1 0
github.com/kraklabs/cie/pkg/tools/search.go:133.2,134.22 2 0
github.com/kraklabs/cie/pkg/tools/search.go:134.22,136.3 1 0
github.com/kraklabs/cie/pkg/tools/search.go:136.8,138.3 1 0
github.com/kraklabs/cie/pkg/tools/search.go:140.2,141.16 2 0
github.com/kraklabs/cie/pkg/tools/search.go:141.16,143.3 1 0
github.com/kraklabs/cie/pkg/tools/search.go:145.2,145.58 1 0
github.com/kraklabs/cie/pkg/tools/search.go:155.98,156.29 1 0
github.com/kraklabs/cie/pkg/tools/search.go:156.29,158.3 1 0
github.com/kraklabs/cie/pkg/tools/search.go:160.2,169.16 4 0
github.com/kraklabs/cie/pkg/tools/search.go:169.16,171.3 1 0
github.com/kraklabs/cie/pkg/tools/search.go:173.2,173.58 1 0
github.com/kraklabs/cie/pkg/tools/search.go:182.98,183.29 1 0
github.com/kraklabs/cie/pkg/tools/search.go:183.29,185.3 1 0
github.com/kraklabs/cie/pkg/tools/search.go:187.2,196.16 4 0
github.com/kraklabs/cie/pkg/tools/search.go:196.16,198.3 1 0
github.com/kraklabs/cie/pkg/tools/search.go:200.2,200.58 1 0
github.com/kraklabs/cie/pkg/tools/search.go:211.94,212.21 1 0
github.com/kraklabs/cie/pkg/tools/search.go:212.21,214.3 1 0
github.com/kraklabs/cie/pkg/tools/search.go:216.2,217.28 2 0
github.com/kraklabs/cie/pkg/tools/search.go:217.28,219.3 1 0
github.com/kraklabs/cie/pkg/tools/search.go:220.2,220.25 1 0
github.com/kraklabs/cie/pkg/tools/search.go:220.25,222.3 1 0
github.com/kraklabs/cie/pkg/tools/search.go:224.2,225.25 2 0
github.com/kraklabs/cie/pkg/tools/search.go:225.25,227.3 1 0
github.com/kraklabs/cie/pkg/tools/search.go:228.2,231.16 3 0
github.com/kraklabs/cie/pkg/tools/search.go:231.16,233.3 1 0
github.com/kraklabs/cie/pkg/tools/search.go:235.2,235.58 1 0
github.com/kraklabs/cie/pkg/tools/search.go:244.92,245.23 1 0
github.com/kraklabs/cie/pkg/tools/search.go:245.23,247.3 1 0
github.com/kraklabs/cie/pkg/tools/search.go:249.2,250.16 2 0
github.com/kraklabs/cie/pkg/tools/search.go:250.16,252.3 1 0
github.com/kraklabs/cie/pkg/tools/search.go:254.2,254.63 1 0
github.com/kraklabs/cie/pkg/tools/semantic.go:49.107,50.22 1 0
github.com/kraklabs/cie/pkg/tools/semantic.go:50.22,52.3 1 0
github.com/kraklabs/cie/pkg/tools/semantic.go:53.2,53.21 1 0
github.com/kraklabs/cie/pkg/tools/semantic.go:53.21,55.3 1 0
github.com/kraklabs/cie/pkg/tools/semantic.go:56.2,56.21 1 0
github.com/kraklabs/cie/pkg/tools/semantic.go:56.21,58.3 1 0
github.com/kraklabs/cie/pkg/tools/semantic.go:59.2,59.21 1 0
github.com/kraklabs/cie/pkg/tools/semantic.go:59.21,61.3 1 0
github.com/kraklabs/cie/pkg/tools/semantic.go:64.2,65.16 2 0
github.com/kraklabs/cie/pkg/tools/semantic.go:65.16,68.3 1 0
github.com/kraklabs/cie/pkg/tools/semantic.go:71.2,86.16 5 0
github.com/kraklabs/cie/pkg/tools/semantic.go:86.16,88.3 1 0
github.com/kraklabs/cie/pkg/tools/semantic.go:90.2,90.27 1 0
github.com/kraklabs/cie/pkg/tools/semantic.go:90.27,92.3 1 0
github.com/kraklabs/cie/pkg/tools/semantic.go:96.2,97.27 2 0
github.com/kraklabs/cie/pkg/tools/semantic.go:97.27,99.3 1 0
github.com/kraklabs/cie/pkg/tools/semantic.go:100.2,101.27 2 0
github.com/kraklabs/cie/pkg/tools/semantic.go:101.27,103.29 2 0
github.com/kraklabs/cie/pkg/tools/semantic.go:103.29,105.4 1 0
github.com/kraklabs/cie/pkg/tools/semantic.go:106.3,106.125 1 0
github.com/kraklabs/cie/pkg/tools/semantic.go:110.2,110.28 1 0
github.com/kraklabs/cie/pkg/tools/semantic.go:110.28,112.35 2 0
github.com/kraklabs/cie/pkg/tools/semantic.go:112.35,113.20 1 0
github.com/kraklabs/cie/pkg/tools/semantic.go:113.20,114.13 1 0
github.com/kraklabs/cie/pkg/tools/semantic.go:116.4,116.37 1 0
github.com/kraklabs/cie/pkg/tools/semantic.go:116.37,118.41 2 0
github.com/kraklabs/cie/pkg/tools/semantic.go:118.41,120.6 1 0
github.com/kraklabs/cie/pkg/tools/semantic.go:123.3,124.28 2 0
github.com/kraklabs/cie/pkg/tools/semantic.go:124.28,126.4 1 0
github.com/kraklabs/cie/pkg/tools/semantic.go:130.2,130.35 1 0
github.com/kraklabs/cie/pkg/tools/semantic.go:130.35,132.3 1 0
github.com/kraklabs/cie/pkg/tools/semantic.go:135.2,136.28 2 0
github.com/kraklabs/cie/pkg/tools/semantic.go:136.28,138.3 1 0
github.com/kraklabs/cie/pkg/tools/semantic.go:139.2,139.34 1 0
github.com/kraklabs/cie/pkg/tools/semantic.go:139.34,148.38 7 0
github.com/kraklabs/cie/pkg/tools/semantic.go:148.38,150.4 1 0
github.com/kraklabs/cie/pkg/tools/semantic.go:153.3,154.24 2 0
github.com/kraklabs/cie/pkg/tools/semantic.go:154.24,156.4 1 0
github.com/kraklabs/cie/pkg/tools/semantic.go:157.3,157.24 1 0
github.com/kraklabs/cie/pkg/tools/semantic.go:157.24,159.4 1 0
github.com/kraklabs/cie/pkg/tools/semantic.go:161.3,163.46 3 0
github.com/kraklabs/cie/pkg/tools/semantic.go:163.46,165.4 1 0
github.com/kraklabs/cie/pkg/tools/semantic.go:168.3,168.19 1 0
github.com/kraklabs/cie/pkg/tools/semantic.go:168.19,171.21 3 0
github.com/kraklabs/cie/pkg/tools/semantic.go:171.21,173.55 2 0
github.com/kraklabs/cie/pkg/tools/semantic.go:173.55,175.6 1 0
github.com/kraklabs/cie/pkg/tools/semantic.go:176.5,176.25 1 0
github.com/kraklabs/cie/pkg/tools/semantic.go:179.3,179.17 1 0
github.com/kraklabs/cie/pkg/tools/semantic.go:182.2,182.31 1 0
github.com/kraklabs/cie/pkg/tools/semantic.go:186.163,189.21 2 0
github.com/kraklabs/cie/pkg/tools/semantic.go:189.21,191.3 1 0
github.com/kraklabs/cie/pkg/tools/semantic.go:193.2,194.34 2 0
github.com/kraklabs/cie/pkg/tools/semantic.go:194.34,196.3 1 0
github.com/kraklabs/cie/pkg/tools/semantic.go:197.2,203.14 4 0
github.com/kraklabs/cie/pkg/tools/semantic.go:204.16,208.44 2 0
github.com/kraklabs/cie/pkg/tools/semantic.go:208.44,210.4 1 0
github.com/kraklabs/cie/pkg/tools/semantic.go:212.3,212.25 1 0
github.com/kraklabs/cie/pkg/tools/semantic.go:212.25,214.4 1 0
github.com/kraklabs/cie/pkg/tools/semantic.go:215.14,216.24 1 0
github.com/kraklabs/cie/pkg/tools/semantic.go:216.24,218.4 1 0
github.com/kraklabs/cie/pkg/tools/semantic.go:219.19,220.24 1 0
github.com/kraklabs/cie/pkg/tools/semantic.go:220.24,222.4 1 0
github.com/kraklabs/cie/pkg/tools/semantic.go:227.2,234.16 2 0
github.com/kraklabs/cie/pkg/tools/semantic.go:234.16,236.3 1 0
github.com/kraklabs/cie/pkg/tools/semantic.go:239.2,243.62 5 0
github.com/kraklabs/cie/pkg/tools/semantic.go:243.62,249.3 5 0
github.com/kraklabs/cie/pkg/tools/semantic.go:250.2,256.31 6 0
github.com/kraklabs/cie/pkg/tools/semantic.go:265.66,268.57 1 0
github.com/kraklabs/cie/pkg/tools/semantic.go:268.57,270.3 1 0
github.com/kraklabs/cie/pkg/tools/semantic.go:272.2,272.33 1 0
github.com/kraklabs/cie/pkg/tools/semantic.go:276.37,278.2 1 0
github.com/kraklabs/cie/pkg/tools/semantic.go:282.107,293.14 6 0
github.com/kraklabs/cie/pkg/tools/semantic.go:293.14,296.45 1 0
github.com/kraklabs/cie/pkg/tools/semantic.go:296.45,298.4 1 0
github.com/kraklabs/cie/pkg/tools/semantic.go:298.9,298.52 1 0
github.com/kraklabs/cie/pkg/tools/semantic.go:298.52,300.51 2 0
github.com/kraklabs/cie/pkg/tools/semantic.go:300.51,302.5 1 0
github.com/kraklabs/cie/pkg/tools/semantic.go:303.9,305.4 1 0
github.com/kraklabs/cie/pkg/tools/semantic.go:306.3,310.34 2 0
github.com/kraklabs/cie/pkg/tools/semantic.go:311.8,311.23 1 0
github.com/kraklabs/cie/pkg/tools/semantic.go:311.23,318.3 3 0
github.com/kraklabs/cie/pkg/tools/semantic.go:318.8,326.3 3 0
github.com/kraklabs/cie/pkg/tools/semantic.go:328.2,329.16 2 0
github.com/kraklabs/cie/pkg/tools/semantic.go:329.16,331.3 1 0
github.com/kraklabs/cie/pkg/tools/semantic.go:332.2,336.16 4 0
github.com/kraklabs/cie/pkg/tools/semantic.go:336.16,338.3 1 0
github.com/kraklabs/cie/pkg/tools/semantic.go:339.2,341.38 2 0
github.com/kraklabs/cie/pkg/tools/semantic.go:341.38,344.3 2 0
github.com/kraklabs/cie/pkg/tools/semantic.go:347.2,348.16 2 0
github.com/kraklabs/cie/pkg/tools/semantic.go:348.16,350.3 1 0
github.com/kraklabs/cie/pkg/tools/semantic.go:355.2,355.14 1 0
github.com/kraklabs/cie/pkg/tools/semantic.go:355.14,361.59 2 0
github.com/kraklabs/cie/pkg/tools/semantic.go:361.59,363.4 1 0
github.com/kraklabs/cie/pkg/tools/semantic.go:364.3,364.66 1 0
github.com/kraklabs/cie/pkg/tools/semantic.go:364.66,366.4 1 0
github.com/kraklabs/cie/pkg/tools/semantic.go:367.3,367.39 1 0
github.com/kraklabs/cie/pkg/tools/semantic.go:370.2,370.16 1 0
github.com/kraklabs/cie/pkg/tools/semantic.go:370.16,375.60 2 0
github.com/kraklabs/cie/pkg/tools/semantic.go:375.60,377.4 1 0
github.com/kraklabs/cie/pkg/tools/semantic.go:378.3,378.95 1 0
github.com/kraklabs/cie/pkg/tools/semantic.go:378.95,380.4 1 0
github.com/kraklabs/cie/pkg/tools/semantic.go:381.3,381.38 1 0
github.com/kraklabs/cie/pkg/tools/semantic.go:385.2,388.58 2 0
github.com/kraklabs/cie/pkg/tools/semantic.go:388.58,390.3 1 0
github.com/kraklabs/cie/pkg/tools/semantic.go:392.2,392.32 1 0
github.com/kraklabs/cie/pkg/tools/semantic.go:392.32,394.3 1 0
github.com/kraklabs/cie/pkg/tools/semantic.go:396.2,396.30 1 0
github.com/kraklabs/cie/pkg/tools/semantic.go:401.59,404.30 3 1
github.com/kraklabs/cie/pkg/tools/semantic.go:404.30,405.12 1 1
github.com/kraklabs/cie/pkg/tools/semantic.go:405.12,407.4 1 1
github.com/kraklabs/cie/pkg/tools/semantic.go:408.3,408.42 1 1
github.com/kraklabs/cie/pkg/tools/semantic.go:410.2,411.21 2 1
github.com/kraklabs/cie/pkg/tools/semantic.go:418.76,427.20 4 1
github.com/kraklabs/cie/pkg/tools/semantic.go:427.20,431.3 2 1
github.com/kraklabs/cie/pkg/tools/semantic.go:431.8,435.18 3 1
github.com/kraklabs/cie/pkg/tools/semantic.go:435.18,437.4 1 0
github.com/kraklabs/cie/pkg/tools/semantic.go:439.2,439.8 1 1
github.com/kraklabs/cie/pkg/tools/semantic.go:448.115,450.23 2 1
github.com/kraklabs/cie/pkg/tools/semantic.go:450.23,453.3 1 1
github.com/kraklabs/cie/pkg/tools/semantic.go:456.2,457.24 2 1
github.com/kraklabs/cie/pkg/tools/semantic.go:457.24,459.3 1 1
github.com/kraklabs/cie/pkg/tools/semantic.go:463.2,466.27 3 1
github.com/kraklabs/cie/pkg/tools/semantic.go:466.27,467.19 1 1
github.com/kraklabs/cie/pkg/tools/semantic.go:467.19,468.12 1 0
github.com/kraklabs/cie/pkg/tools/semantic.go:470.3,474.69 3 1
github.com/kraklabs/cie/pkg/tools/semantic.go:474.69,475.12 1 1
github.com/kraklabs/cie/pkg/tools/semantic.go:479.3,479.59 1 1
github.com/kraklabs/cie/pkg/tools/semantic.go:479.59,480.12 1 1
github.com/kraklabs/cie/pkg/tools/semantic.go:484.3,484.41 1 1
github.com/kraklabs/cie/pkg/tools/semantic.go:484.41,485.12 1 1
github.com/kraklabs/cie/pkg/tools/semantic.go:489.3,489.106 1 1
github.com/kraklabs/cie/pkg/tools/semantic.go:489.106,490.12 1 1
github.com/kraklabs/cie/pkg/tools/semantic.go:494.3,494.64 1 1
github.com/kraklabs/cie/pkg/tools/semantic.go:494.64,495.12 1 1
github.com/kraklabs/cie/pkg/tools/semantic.go:498.3,498.35 1 1
github.com/kraklabs/cie/pkg/tools/semantic.go:500.2,500.17 1 1
github.com/kraklabs/cie/pkg/tools/semantic.go:505.52,506.14 1 1
github.com/kraklabs/cie/pkg/tools/semantic.go:507.56,509.95 1 1
github.com/kraklabs/cie/pkg/tools/semantic.go:510.14,511.47 1 1
github.com/kraklabs/cie/pkg/tools/semantic.go:512.19,513.52 1 1
github.com/kraklabs/cie/pkg/tools/semantic.go:514.13,515.14 1 1
github.com/kraklabs/cie/pkg/tools/semantic.go:516.10,518.95 1 1
github.com/kraklabs/cie/pkg/tools/semantic.go:524.45,531.14 6 1
github.com/kraklabs/cie/pkg/tools/semantic.go:532.16,533.118 1 1
github.com/kraklabs/cie/pkg/tools/semantic.go:534.14,535.66 1 1
github.com/kraklabs/cie/pkg/tools/semantic.go:536.19,537.71 1 1
github.com/kraklabs/cie/pkg/tools/semantic.go:538.21,539.113 1 1
github.com/kraklabs/cie/pkg/tools/semantic.go:540.16,541.113 1 1
github.com/kraklabs/cie/pkg/tools/semantic.go:542.17,543.114 1 1
github.com/kraklabs/cie/pkg/tools/semantic.go:544.10,545.12 1 1
github.com/kraklabs/cie/pkg/tools/semantic.go:550.40,561.14 6 1
github.com/kraklabs/cie/pkg/tools/semantic.go:562.16,566.4 1 1
github.com/kraklabs/cie/pkg/tools/semantic.go:567.14,568.76 1 1
github.com/kraklabs/cie/pkg/tools/semantic.go:569.19,570.81 1 1
github.com/kraklabs/cie/pkg/tools/semantic.go:571.21,575.4 1 1
github.com/kraklabs/cie/pkg/tools/semantic.go:576.16,582.4 1 1
github.com/kraklabs/cie/pkg/tools/semantic.go:583.17,588.4 1 1
github.com/kraklabs/cie/pkg/tools/semantic.go:589.10,590.13 1 1
github.com/kraklabs/cie/pkg/tools/semantic.go:596.59,597.16 1 0
github.com/kraklabs/cie/pkg/tools/semantic.go:597.16,599.3 1 0
github.com/kraklabs/cie/pkg/tools/semantic.go:601.2,605.29 4 0
github.com/kraklabs/cie/pkg/tools/semantic.go:605.29,608.20 2 0
github.com/kraklabs/cie/pkg/tools/semantic.go:608.20,609.12 1 0
github.com/kraklabs/cie/pkg/tools/semantic.go:612.3,612.21 1 0
github.com/kraklabs/cie/pkg/tools/semantic.go:612.21,614.4 1 0
github.com/kraklabs/cie/pkg/tools/semantic.go:615.3,617.24 3 0
github.com/kraklabs/cie/pkg/tools/semantic.go:617.24,618.9 1 0
github.com/kraklabs/cie/pkg/tools/semantic.go:622.2,622.22 1 0
github.com/kraklabs/cie/pkg/tools/semantic.go:622.22,624.3 1 0
github.com/kraklabs/cie/pkg/tools/semantic.go:626.2,626.35 1 0
github.com/kraklabs/cie/pkg/tools/services.go:9.110,12.23 2 0
github.com/kraklabs/cie/pkg/tools/services.go:12.23,14.3 1 0
github.com/kraklabs/cie/pkg/tools/services.go:16.2,17.16 2 0
github.com/kraklabs/cie/pkg/tools/services.go:17.16,19.3 1 0
github.com/kraklabs/cie/pkg/tools/services.go:21.2,21.31 1 0
github.com/kraklabs/cie/pkg/tools/services.go:21.31,23.3 1 0
github.com/kraklabs/cie/pkg/tools/services.go:27.2,30.23 3 0
github.com/kraklabs/cie/pkg/tools/services.go:30.23,32.3 1 0
github.com/kraklabs/cie/pkg/tools/services.go:35.2,37.25 2 0
github.com/kraklabs/cie/pkg/tools/services.go:37.25,40.3 1 0
github.com/kraklabs/cie/pkg/tools/services.go:42.2,43.16 2 0
github.com/kraklabs/cie/pkg/tools/services.go:43.16,45.3 1 0
github.com/kraklabs/cie/pkg/tools/services.go:47.2,52.38 4 0
github.com/kraklabs/cie/pkg/tools/services.go:52.38,54.3 1 0
github.com/kraklabs/cie/pkg/tools/services.go:56.2,56.26 1 0
github.com/kraklabs/cie/pkg/tools/services.go:56.26,61.35 3 0
github.com/kraklabs/cie/pkg/tools/services.go:61.35,69.4 6 0
github.com/kraklabs/cie/pkg/tools/services.go:71.3,71.44 1 0
github.com/kraklabs/cie/pkg/tools/services.go:71.44,73.33 2 0
github.com/kraklabs/cie/pkg/tools/services.go:73.33,75.5 1 0
github.com/kraklabs/cie/pkg/tools/services.go:77.8,80.3 2 0
github.com/kraklabs/cie/pkg/tools/services.go:82.2,82.31 1 0
github.com/kraklabs/cie/pkg/tools/services.go:86.86,88.45 1 0
github.com/kraklabs/cie/pkg/tools/services.go:88.45,90.35 2 0
github.com/kraklabs/cie/pkg/tools/services.go:90.35,92.4 1 0
github.com/kraklabs/cie/pkg/tools/services.go:93.3,93.35 1 0
github.com/kraklabs/cie/pkg/tools/services.go:93.35,95.4 1 0
github.com/kraklabs/cie/pkg/tools/services.go:96.3,96.35 1 0
github.com/kraklabs/cie/pkg/tools/services.go:96.35,98.4 1 0
github.com/kraklabs/cie/pkg/tools/services.go:99.3,99.20 1 0
github.com/kraklabs/cie/pkg/tools/services.go:103.2,103.26 1 0
github.com/kraklabs/cie/pkg/tools/status.go:9.99,14.52 3 0
github.com/kraklabs/cie/pkg/tools/status.go:14.52,16.17 2 0
github.com/kraklabs/cie/pkg/tools/status.go:16.17,19.4 2 0
github.com/kraklabs/cie/pkg/tools/status.go:20.3,20.16 1 0
github.com/kraklabs/cie/pkg/tools/status.go:24.2,24.64 1 0
github.com/kraklabs/cie/pkg/tools/status.go:24.64,27.44 2 0
github.com/kraklabs/cie/pkg/tools/status.go:27.44,28.50 1 0
github.com/kraklabs/cie/pkg/tools/status.go:28.50,30.5 1 0
github.com/kraklabs/cie/pkg/tools/status.go:33.3,34.20 2 0
github.com/kraklabs/cie/pkg/tools/status.go:34.20,36.4 1 0
github.com/kraklabs/cie/pkg/tools/status.go:37.3,37.11 1 0
github.com/kraklabs/cie/pkg/tools/status.go:40.2,61.24 11 0
github.com/kraklabs/cie/pkg/tools/status.go:61.24,64.3 2 0
github.com/kraklabs/cie/pkg/tools/status.go:65.2,70.13 4 0
github.com/kraklabs/cie/pkg/tools/status.go:70.13,72.3 1 0
github.com/kraklabs/cie/pkg/tools/status.go:72.8,72.31 1 0
github.com/kraklabs/cie/pkg/tools/status.go:72.31,74.3 1 0
github.com/kraklabs/cie/pkg/tools/status.go:77.2,77.47 1 0
github.com/kraklabs/cie/pkg/tools/status.go:77.47,80.3 2 0
github.com/kraklabs/cie/pkg/tools/status.go:80.8,80.43 1 0
github.com/kraklabs/cie/pkg/tools/status.go:80.43,82.3 1 0
github.com/kraklabs/cie/pkg/tools/status.go:85.2,85.48 1 0
github.com/kraklabs/cie/pkg/tools/status.go:85.48,98.3 12 0
github.com/kraklabs/cie/pkg/tools/status.go:101.2,101.23 1 0
github.com/kraklabs/cie/pkg/tools/status.go:101.23,115.47 6 0
github.com/kraklabs/cie/pkg/tools/status.go:115.47,125.4 9 0
github.com/kraklabs/cie/pkg/tools/status.go:125.9,129.26 3 0
github.com/kraklabs/cie/pkg/tools/status.go:129.26,131.5 1 0
github.com/kraklabs/cie/pkg/tools/status.go:132.4,132.26 1 0
github.com/kraklabs/cie/pkg/tools/status.go:132.26,134.5 1 0
github.com/kraklabs/cie/pkg/tools/status.go:135.4,139.55 3 0
github.com/kraklabs/cie/pkg/tools/status.go:139.55,141.42 2 0
github.com/kraklabs/cie/pkg/tools/status.go:141.42,142.16 1 0
github.com/kraklabs/cie/pkg/tools/status.go:142.16,144.12 2 0
github.com/kraklabs/cie/pkg/tools/status.go:146.6,146.47 1 0
github.com/kraklabs/cie/pkg/tools/status.go:150.8,153.100 2 0
github.com/kraklabs/cie/pkg/tools/status.go:153.100,155.40 2 0
github.com/kraklabs/cie/pkg/tools/status.go:155.40,157.5 1 0
github.com/kraklabs/cie/pkg/tools/status.go:161.3,162.54 2 0
github.com/kraklabs/cie/pkg/tools/status.go:162.54,164.41 2 0
github.com/kraklabs/cie/pkg/tools/status.go:164.41,165.38 1 0
github.com/kraklabs/cie/pkg/tools/status.go:165.38,168.6 2 0
github.com/kraklabs/cie/pkg/tools/status.go:170.4,172.33 2 0
github.com/kraklabs/cie/pkg/tools/status.go:172.33,174.5 1 0
github.com/kraklabs/cie/pkg/tools/status.go:178.2,178.21 1 0
github.com/kraklabs/cie/pkg/tools/status.go:178.21,180.28 2 0
github.com/kraklabs/cie/pkg/tools/status.go:180.28,182.4 1 0
github.com/kraklabs/cie/pkg/tools/status.go:183.3,186.69 4 0
github.com/kraklabs/cie/pkg/tools/status.go:189.2,189.31 1 0
github.com/kraklabs/cie/pkg/tools/summary.go:9.115,10.16 1 0
github.com/kraklabs/cie/pkg/tools/summary.go:10.16,12.3 1 0
github.com/kraklabs/cie/pkg/tools/summary.go:15.2,15.47 1 0
github.com/kraklabs/cie/pkg/tools/summary.go:15.47,17.3 1 0
github.com/kraklabs/cie/pkg/tools/summary.go:21.2,23.16 3 0
github.com/kraklabs/cie/pkg/tools/summary.go:23.16,25.3 1 0
github.com/kraklabs/cie/pkg/tools/summary.go:27.2,27.32 1 0
github.com/kraklabs/cie/pkg/tools/summary.go:27.32,31.17 3 0
github.com/kraklabs/cie/pkg/tools/summary.go:31.17,33.4 1 0
github.com/kraklabs/cie/pkg/tools/summary.go:36.2,36.32 1 0
github.com/kraklabs/cie/pkg/tools/summary.go:36.32,38.3 1 0
github.com/kraklabs/cie/pkg/tools/summary.go:41.2,46.39 4 0
github.com/kraklabs/cie/pkg/tools/summary.go:46.39,50.3 3 0
github.com/kraklabs/cie/pkg/tools/summary.go:53.2,53.39 1 0
github.com/kraklabs/cie/pkg/tools/summary.go:53.39,62.17 4 0
github.com/kraklabs/cie/pkg/tools/summary.go:62.17,63.12 1 0
github.com/kraklabs/cie/pkg/tools/summary.go:67.3,71.33 4 0
github.com/kraklabs/cie/pkg/tools/summary.go:71.33,73.12 2 0
github.com/kraklabs/cie/pkg/tools/summary.go:77.3,84.41 3 0
github.com/kraklabs/cie/pkg/tools/summary.go:84.41,90.4 5 0
github.com/kraklabs/cie/pkg/tools/summary.go:93.3,94.27 2 0
github.com/kraklabs/cie/pkg/tools/summary.go:94.27,95.45 1 0
github.com/kraklabs/cie/pkg/tools/summary.go:95.45,97.27 2 0
github.com/kraklabs/cie/pkg/tools/summary.go:97.27,99.6 1 0
github.com/kraklabs/cie/pkg/tools/summary.go:100.5,101.45 2 0
github.com/kraklabs/cie/pkg/tools/summary.go:101.45,103.6 1 0
github.com/kraklabs/cie/pkg/tools/summary.go:104.5,104.12 1 0
github.com/kraklabs/cie/pkg/tools/summary.go:109.3,109.27 1 0
github.com/kraklabs/cie/pkg/tools/summary.go:109.27,110.46 1 0
github.com/kraklabs/cie/pkg/tools/summary.go:110.46,113.5 2 0
github.com/kraklabs/cie/pkg/tools/summary.go:116.3,116.46 1 0
github.com/kraklabs/cie/pkg/tools/summary.go:116.46,118.4 1 0
github.com/kraklabs/cie/pkg/tools/summary.go:119.3,119.17 1 0
github.com/kraklabs/cie/pkg/tools/summary.go:122.2,122.31 1 0
github.com/kraklabs/cie/pkg/tools/trace.go:26.94,27.23 1 0
github.com/kraklabs/cie/pkg/tools/trace.go:27.23,29.3 1 0
github.com/kraklabs/cie/pkg/tools/trace.go:32.2,43.23 5 0
github.com/kraklabs/cie/pkg/tools/trace.go:43.23,46.24 2 0
github.com/kraklabs/cie/pkg/tools/trace.go:46.24,48.4 1 0
github.com/kraklabs/cie/pkg/tools/trace.go:49.8,52.24 2 0
github.com/kraklabs/cie/pkg/tools/trace.go:52.24,54.4 1 0
github.com/kraklabs/cie/pkg/tools/trace.go:58.2,59.23 2 0
github.com/kraklabs/cie/pkg/tools/trace.go:59.23,61.3 1 0
github.com/kraklabs/cie/pkg/tools/trace.go:64.2,65.28 2 0
github.com/kraklabs/cie/pkg/tools/trace.go:65.28,67.3 1 0
github.com/kraklabs/cie/pkg/tools/trace.go:70.2,77.30 5 0
github.com/kraklabs/cie/pkg/tools/trace.go:77.30,78.39 1 0
github.com/kraklabs/cie/pkg/tools/trace.go:78.39,79.9 1 0
github.com/kraklabs/cie/pkg/tools/trace.go:83.3,83.10 1 0
github.com/kraklabs/cie/pkg/tools/trace.go:84.21,85.72 1 0
github.com/kraklabs/cie/pkg/tools/trace.go:86.11,86.11 0 0
github.com/kraklabs/cie/pkg/tools/trace.go:90.3,97.57 4 0
github.com/kraklabs/cie/pkg/tools/trace.go:97.57,99.90 1 0
github.com/kraklabs/cie/pkg/tools/trace.go:99.90,101.10 2 0
github.com/kraklabs/cie/pkg/tools/trace.go:105.4,105.35 1 0
github.com/kraklabs/cie/pkg/tools/trace.go:105.35,106.12 1 0
github.com/kraklabs/cie/pkg/tools/trace.go:107.23,108.74 1 0
github.com/kraklabs/cie/pkg/tools/trace.go:109.13,109.13 0 0
github.com/kraklabs/cie/pkg/tools/trace.go:113.4,116.41 3 0
github.com/kraklabs/cie/pkg/tools/trace.go:116.41,117.13 1 0
github.com/kraklabs/cie/pkg/tools/trace.go:120.4,120.33 1 0
github.com/kraklabs/cie/pkg/tools/trace.go:120.33,121.13 1 0
github.com/kraklabs/cie/pkg/tools/trace.go:123.4,127.60 3 0
github.com/kraklabs/cie/pkg/tools/trace.go:127.60,129.13 2 0
github.com/kraklabs/cie/pkg/tools/trace.go:133.4,134.15 2 0
github.com/kraklabs/cie/pkg/tools/trace.go:134.15,138.5 3 0
github.com/kraklabs/cie/pkg/tools/trace.go:140.4,140.35 1 0
github.com/kraklabs/cie/pkg/tools/trace.go:140.35,141.30 1 0
github.com/kraklabs/cie/pkg/tools/trace.go:141.30,149.6 4 0
github.com/kraklabs/cie/pkg/tools/trace.go:153.3,153.25 1 0
github.com/kraklabs/cie/pkg/tools/trace.go:153.25,154.9 1 0
github.com/kraklabs/cie/pkg/tools/trace.go:158.2,158.26 1 0
github.com/kraklabs/cie/pkg/tools/trace.go:158.26,162.25 3 0
github.com/kraklabs/cie/pkg/tools/trace.go:162.25,164.4 1 0
github.com/kraklabs/cie/pkg/tools/trace.go:165.3,171.32 7 0
github.com/kraklabs/cie/pkg/tools/trace.go:175.2,179.34 4 0
github.com/kraklabs/cie/pkg/tools/trace.go:179.34,182.27 3 0
github.com/kraklabs/cie/pkg/tools/trace.go:182.27,185.13 3 0
github.com/kraklabs/cie/pkg/tools/trace.go:185.13,187.5 1 0
github.com/kraklabs/cie/pkg/tools/trace.go:188.4,190.68 3 0
github.com/kraklabs/cie/pkg/tools/trace.go:192.3,192.22 1 0
github.com/kraklabs/cie/pkg/tools/trace.go:195.2,195.38 1 0
github.com/kraklabs/cie/pkg/tools/trace.go:195.38,197.3 1 0
github.com/kraklabs/cie/pkg/tools/trace.go:198.2,198.24 1 0
github.com/kraklabs/cie/pkg/tools/trace.go:198.24,200.3 1 0
github.com/kraklabs/cie/pkg/tools/trace.go:202.2,202.31 1 0
github.com/kraklabs/cie/pkg/tools/trace.go:206.97,228.29 3 0
github.com/kraklabs/cie/pkg/tools/trace.go:228.29,232.24 4 0
github.com/kraklabs/cie/pkg/tools/trace.go:232.24,234.4 1 0
github.com/kraklabs/cie/pkg/tools/trace.go:236.3,244.17 4 0
github.com/kraklabs/cie/pkg/tools/trace.go:244.17,245.12 1 0
github.com/kraklabs/cie/pkg/tools/trace.go:248.3,248.35 1 0
github.com/kraklabs/cie/pkg/tools/trace.go:248.35,254.4 1 0
github.com/kraklabs/cie/pkg/tools/trace.go:257.2,257.16 1 0
github.com/kraklabs/cie/pkg/tools/trace.go:261.105,266.23 3 0
github.com/kraklabs/cie/pkg/tools/trace.go:266.23,268.3 1 0
github.com/kraklabs/cie/pkg/tools/trace.go:270.2,276.16 3 0
github.com/kraklabs/cie/pkg/tools/trace.go:276.16,278.3 1 0
github.com/kraklabs/cie/pkg/tools/trace.go:280.2,281.34 2 0
github.com/kraklabs/cie/pkg/tools/trace.go:281.34,287.3 1 0
github.com/kraklabs/cie/pkg/tools/trace.go:288.2,288.12 1 0
github.com/kraklabs/cie/pkg/tools/trace.go:292.87,306.16 3 0
github.com/kraklabs/cie/pkg/tools/trace.go:306.16,308.3 1 0
github.com/kraklabs/cie/pkg/tools/trace.go:310.2,311.34 2 0
github.com/kraklabs/cie/pkg/tools/trace.go:311.34,317.3 1 0
github.com/kraklabs/cie/pkg/tools/trace.go:318.2,318.12 1 0
github.com/kraklabs/cie/pkg/tools/trace.go:322.71,323.23 1 0
github.com/kraklabs/cie/pkg/tools/trace.go:323.23,325.3 1 0
github.com/kraklabs/cie/pkg/tools/trace.go:326.2,326.23 1 0
github.com/kraklabs/cie/pkg/tools/trace.go:326.23,328.3 1 0
github.com/kraklabs/cie/pkg/tools/trace.go:329.2,329.18 1 0
github.com/kraklabs/cie/pkg/tools/trace.go:329.18,331.3 1 0
github.com/kraklabs/cie/pkg/tools/trace.go:332.2,332.59 1 0
github.com/kraklabs/cie/pkg/tools/types.go:12.41,14.2 1 1
github.com/kraklabs/cie/pkg/tools/types.go:17.40,19.2 1 1
github.com/kraklabs/cie/pkg/tools/types.go:49.44,50.22 1 1
github.com/kraklabs/cie/pkg/tools/types.go:50.22,52.3 1 1
github.com/kraklabs/cie/pkg/tools/types.go:53.2,53.27 1 1
github.com/kraklabs/cie/pkg/tools/types.go:57.67,63.27 5 1
github.com/kraklabs/cie/pkg/tools/types.go:63.27,65.3 1 1
github.com/kraklabs/cie/pkg/tools/types.go:65.8,66.35 1 1
github.com/kraklabs/cie/pkg/tools/types.go:66.35,70.28 4 1
github.com/kraklabs/cie/pkg/tools/types.go:70.28,71.32 1 1
github.com/kraklabs/cie/pkg/tools/types.go:71.32,73.27 2 1
github.com/kraklabs/cie/pkg/tools/types.go:73.27,75.7 1 1
github.com/kraklabs/cie/pkg/tools/types.go:76.6,80.26 5 1
github.com/kraklabs/cie/pkg/tools/types.go:83.4,83.24 1 1
github.com/kraklabs/cie/pkg/tools/types.go:87.2,90.20 3 1
github.com/kraklabs/cie/pkg/tools/types.go:94.58,97.27 2 1
github.com/kraklabs/cie/pkg/tools/types.go:97.27,99.3 1 1
github.com/kraklabs/cie/pkg/tools/types.go:101.2,105.34 4 1
github.com/kraklabs/cie/pkg/tools/types.go:105.34,106.14 1 1
github.com/kraklabs/cie/pkg/tools/types.go:106.14,110.9 4 1
github.com/kraklabs/cie/pkg/tools/types.go:112.3,112.27 1 1
github.com/kraklabs/cie/pkg/tools/types.go:112.27,113.31 1 1
github.com/kraklabs/cie/pkg/tools/types.go:113.31,115.26 2 1
github.com/kraklabs/cie/pkg/tools/types.go:115.26,117.6 1 0
github.com/kraklabs/cie/pkg/tools/types.go:118.5,122.25 5 1
github.com/kraklabs/cie/pkg/tools/types.go:125.3,125.23 1 1
github.com/kraklabs/cie/pkg/tools/types.go:128.2,128.20 1 1
github.com/kraklabs/cie/pkg/tools/types.go:131.29,132.12 1 1
github.com/kraklabs/cie/pkg/tools/types.go:132.12,134.3 1 1
github.com/kraklabs/cie/pkg/tools/types.go:135.2,135.11 1 1
github.com/kraklabs/cie/pkg/tools/types.go:135.11,137.3 1 1
github.com/kraklabs/cie/pkg/tools/types.go:138.2,139.12 2 1
github.com/kraklabs/cie/pkg/tools/types.go:139.12,142.3 2 1
github.com/kraklabs/cie/pkg/tools/types.go:143.2,143.23 1 1
github.com/kraklabs/cie/pkg/tools/types.go:146.29,147.25 1 1
github.com/kraklabs/cie/pkg/tools/types.go:148.14,149.13 1 1
github.com/kraklabs/cie/pkg/tools/types.go:150.15,151.31 1 1
github.com/kraklabs/cie/pkg/tools/types.go:151.31,153.4 1 1
github.com/kraklabs/cie/pkg/tools/types.go:154.3,154.73 1 1
github.com/kraklabs/cie/pkg/tools/types.go:155.11,156.23 1 1
github.com/kraklabs/cie/pkg/tools/types.go:157.12,158.10 1 1
github.com/kraklabs/cie/pkg/tools/types.go:158.10,160.4 1 1
github.com/kraklabs/cie/pkg/tools/types.go:161.3,161.17 1 1
github.com/kraklabs/cie/pkg/tools/types.go:162.11,163.16 1 1
github.com/kraklabs/cie/pkg/tools/types.go:164.10,165.15 1 1
github.com/kraklabs/cie/pkg/tools/types.go:169.35,171.12 1 1
github.com/kraklabs/cie/pkg/tools/types.go:171.12,173.3 1 1
github.com/kraklabs/cie/pkg/tools/types.go:174.2,175.14 2 1
github.com/kraklabs/cie/pkg/tools/types.go:175.14,177.3 1 1
github.com/kraklabs/cie/pkg/tools/types.go:178.2,181.18 4 1
github.com/kraklabs/cie/pkg/tools/types.go:181.18,183.3 1 1
github.com/kraklabs/cie/pkg/tools/types.go:184.2,184.14 1 1
github.com/kraklabs/cie/pkg/tools/types.go:184.14,186.3 1 1
github.com/kraklabs/cie/pkg/tools/types.go:187.2,187.15 1 1
github.com/kraklabs/cie/pkg/tools/utils.go:10.35,12.30 2 1
github.com/kraklabs/cie/pkg/tools/utils.go:12.30,14.12 2 1
github.com/kraklabs/cie/pkg/tools/utils.go:16.12,17.42 1 1
github.com/kraklabs/cie/pkg/tools/utils.go:18.12,19.42 1 1
github.com/kraklabs/cie/pkg/tools/utils.go:20.12,21.42 1 1
github.com/kraklabs/cie/pkg/tools/utils.go:22.12,23.42 1 1
github.com/kraklabs/cie/pkg/tools/utils.go:24.12,25.42 1 1
github.com/kraklabs/cie/pkg/tools/utils.go:26.12,27.42 1 1
github.com/kraklabs/cie/pkg/tools/utils.go:28.12,29.42 1 1
github.com/kraklabs/cie/pkg/tools/utils.go:30.12,31.42 1 1
github.com/kraklabs/cie/pkg/tools/utils.go:32.12,33.42 1 1
github.com/kraklabs/cie/pkg/tools/utils.go:34.12,35.42 1 1
github.com/kraklabs/cie/pkg/tools/utils.go:36.12,37.42 1 1
github.com/kraklabs/cie/pkg/tools/utils.go:38.12,39.42 1 1
github.com/kraklabs/cie/pkg/tools/utils.go:40.12,41.42 1 1
github.com/kraklabs/cie/pkg/tools/utils.go:42.13,43.43 1 1
github.com/kraklabs/cie/pkg/tools/utils.go:45.11,46.30 1 1
github.com/kraklabs/cie/pkg/tools/utils.go:49.2,49.23 1 1
github.com/kraklabs/cie/pkg/tools/utils.go:55.46,57.2 1 1
github.com/kraklabs/cie/pkg/tools/utils.go:60.42,61.38 1 1
github.com/kraklabs/cie/pkg/tools/utils.go:61.38,62.21 1 1
github.com/kraklabs/cie/pkg/tools/utils.go:62.21,64.4 1 1
github.com/kraklabs/cie/pkg/tools/utils.go:66.2,66.13 1 1
github.com/kraklabs/cie/pkg/tools/utils.go:70.37,71.38 1 1
github.com/kraklabs/cie/pkg/tools/utils.go:71.38,72.21 1 1
github.com/kraklabs/cie/pkg/tools/utils.go:72.21,74.4 1 1
github.com/kraklabs/cie/pkg/tools/utils.go:76.2,76.12 1 1
github.com/kraklabs/cie/pkg/tools/utils.go:80.40,83.25 3 1
github.com/kraklabs/cie/pkg/tools/utils.go:83.25,84.15 1 1
github.com/kraklabs/cie/pkg/tools/utils.go:84.15,85.21 1 1
github.com/kraklabs/cie/pkg/tools/utils.go:85.21,88.5 2 1
github.com/kraklabs/cie/pkg/tools/utils.go:89.9,91.4 1 1
github.com/kraklabs/cie/pkg/tools/utils.go:93.2,93.21 1 1
github.com/kraklabs/cie/pkg/tools/utils.go:93.21,95.3 1 1
github.com/kraklabs/cie/pkg/tools/utils.go:96.2,96.21 1 1
github.com/kraklabs/cie/pkg/tools/utils.go:96.21,98.3 1 1
github.com/kraklabs/cie/pkg/tools/utils.go:99.2,99.34 1 1
github.com/kraklabs/cie/pkg/tools/utils.go:103.38,104.20 1 1
github.com/kraklabs/cie/pkg/tools/utils.go:104.20,106.3 1 1
github.com/kraklabs/cie/pkg/tools/utils.go:107.2,108.27 2 1
github.com/kraklabs/cie/pkg/tools/utils.go:108.27,109.14 1 1
github.com/kraklabs/cie/pkg/tools/utils.go:109.14,111.9 2 1
github.com/kraklabs/cie/pkg/tools/utils.go:113.3,113.20 1 1
github.com/kraklabs/cie/pkg/tools/utils.go:113.20,115.4 1 1
github.com/kraklabs/cie/pkg/tools/utils.go:115.9,115.27 1 1
github.com/kraklabs/cie/pkg/tools/utils.go:115.27,117.4 1 1
github.com/kraklabs/cie/pkg/tools/utils.go:117.9,117.27 1 1
github.com/kraklabs/cie/pkg/tools/utils.go:117.27,119.4 1 1
github.com/kraklabs/cie/pkg/tools/utils.go:121.2,121.11 1 1
github.com/kraklabs/cie/pkg/tools/utils.go:124.41,125.43 1 1
github.com/kraklabs/cie/pkg/tools/utils.go:125.43,126.35 1 1
github.com/kraklabs/cie/pkg/tools/utils.go:126.35,128.4 1 1
github.com/kraklabs/cie/pkg/tools/utils.go:130.2,130.14 1 1
github.com/kraklabs/cie/pkg/tools/utils.go:133.51,134.30 1 1
github.com/kraklabs/cie/pkg/tools/utils.go:134.30,135.26 1 1
github.com/kraklabs/cie/pkg/tools/utils.go:135.26,137.4 1 1
github.com/kraklabs/cie/pkg/tools/utils.go:139.2,139.14 1 1
github.com/kraklabs/cie/pkg/tools/utils.go:142.35,144.30 2 1
github.com/kraklabs/cie/pkg/tools/utils.go:144.30,146.27 2 1
github.com/kraklabs/cie/pkg/tools/utils.go:146.27,148.4 1 1
github.com/kraklabs/cie/pkg/tools/utils.go:149.3,149.16 1 1
github.com/kraklabs/cie/pkg/tools/utils.go:151.2,151.23 1 1
github.com/kraklabs/cie/pkg/tools/utils.go:155.31,157.30 2 1
github.com/kraklabs/cie/pkg/tools/utils.go:157.30,159.27 2 1
github.com/kraklabs/cie/pkg/tools/utils.go:159.27,161.4 1 1
github.com/kraklabs/cie/pkg/tools/utils.go:162.3,162.16 1 1
github.com/kraklabs/cie/pkg/tools/utils.go:164.2,164.23 1 1
github.com/kraklabs/cie/pkg/tools/utils.go:168.45,181.26 4 1
github.com/kraklabs/cie/pkg/tools/utils.go:181.26,182.65 1 1
github.com/kraklabs/cie/pkg/tools/utils.go:182.65,183.64 1 1
github.com/kraklabs/cie/pkg/tools/utils.go:183.64,185.5 1 1
github.com/kraklabs/cie/pkg/tools/utils.go:186.4,186.16 1 1
github.com/kraklabs/cie/pkg/tools/utils.go:187.9,189.4 1 1
github.com/kraklabs/cie/pkg/tools/utils.go:191.2,191.62 1 1
github.com/kraklabs/cie/pkg/tools/utils.go:191.62,193.3 1 1
github.com/kraklabs/cie/pkg/tools/utils.go:195.2,195.20 1 1
github.com/kraklabs/cie/pkg/tools/utils.go:195.20,197.3 1 1
github.com/kraklabs/cie/pkg/tools/utils.go:198.2,198.14 1 1
github.com/kraklabs/cie/pkg/tools/utils.go:202.32,203.25 1 1
github.com/kraklabs/cie/pkg/tools/utils.go:204.14,205.13 1 1
github.com/kraklabs/cie/pkg/tools/utils.go:206.15,207.31 1 1
github.com/kraklabs/cie/pkg/tools/utils.go:207.31,209.4 1 1
github.com/kraklabs/cie/pkg/tools/utils.go:210.3,210.34 1 1
github.com/kraklabs/cie/pkg/tools/utils.go:211.11,212.32 1 1
github.com/kraklabs/cie/pkg/tools/utils.go:213.13,214.32 1 1
github.com/kraklabs/cie/pkg/tools/utils.go:215.11,216.12 1 1
github.com/kraklabs/cie/pkg/tools/utils.go:217.10,218.30 1 1
